<?xml version="1.0" encoding="UTF-8"?>
<coverage generated="1745459067118" clover="3.2.0">
  <project timestamp="1745459067118" name="All files">
    <metrics statements="329" coveredstatements="194" conditionals="172" coveredconditionals="90" methods="61" coveredmethods="40" elements="562" coveredelements="324" complexity="0" loc="329" ncloc="329" packages="1" files="2" classes="2"/>
    <file name="server-utils.js" path="/Users/blake/work/npm-mock-server/src/lib/server-utils.js">
      <metrics statements="108" coveredstatements="76" conditionals="107" coveredconditionals="68" methods="17" coveredmethods="13"/>
      <line num="5" count="2" type="stmt"/>
      <line num="6" count="2" type="stmt"/>
      <line num="13" count="2" type="cond" truecount="0" falsecount="1"/>
      <line num="15" count="0" type="cond" truecount="0" falsecount="2"/>
      <line num="16" count="0" type="cond" truecount="0" falsecount="4"/>
      <line num="18" count="0" type="stmt"/>
      <line num="27" count="2" type="stmt"/>
      <line num="28" count="2" type="stmt"/>
      <line num="37" count="2" type="stmt"/>
      <line num="38" count="2" type="stmt"/>
      <line num="45" count="2" type="stmt"/>
      <line num="46" count="1" type="stmt"/>
      <line num="54" count="2" type="stmt"/>
      <line num="56" count="0" type="cond" truecount="0" falsecount="4"/>
      <line num="57" count="0" type="stmt"/>
      <line num="61" count="0" type="stmt"/>
      <line num="72" count="2" type="stmt"/>
      <line num="73" count="2" type="stmt"/>
      <line num="74" count="2" type="stmt"/>
      <line num="76" count="2" type="cond" truecount="2" falsecount="0"/>
      <line num="77" count="1" type="stmt"/>
      <line num="86" count="2" type="stmt"/>
      <line num="88" count="2" type="stmt"/>
      <line num="94" count="2" type="stmt"/>
      <line num="95" count="5" type="stmt"/>
      <line num="97" count="2" type="cond" truecount="2" falsecount="0"/>
      <line num="98" count="1" type="stmt"/>
      <line num="102" count="1" type="cond" truecount="3" falsecount="2"/>
      <line num="103" count="0" type="stmt"/>
      <line num="106" count="1" type="cond" truecount="3" falsecount="2"/>
      <line num="107" count="0" type="stmt"/>
      <line num="110" count="1" type="cond" truecount="2" falsecount="3"/>
      <line num="111" count="0" type="stmt"/>
      <line num="114" count="1" type="cond" truecount="2" falsecount="2"/>
      <line num="115" count="0" type="stmt"/>
      <line num="118" count="1" type="cond" truecount="3" falsecount="1"/>
      <line num="119" count="0" type="stmt"/>
      <line num="122" count="1" type="cond" truecount="2" falsecount="4"/>
      <line num="126" count="0" type="stmt"/>
      <line num="139" count="2" type="stmt"/>
      <line num="140" count="16" type="cond" truecount="4" falsecount="0"/>
      <line num="141" count="1" type="stmt"/>
      <line num="145" count="15" type="cond" truecount="5" falsecount="0"/>
      <line num="146" count="2" type="stmt"/>
      <line num="150" count="14" type="stmt"/>
      <line num="151" count="14" type="cond" truecount="4" falsecount="0"/>
      <line num="152" count="1" type="stmt"/>
      <line num="155" count="13" type="cond" truecount="2" falsecount="0"/>
      <line num="156" count="2" type="stmt"/>
      <line num="159" count="12" type="cond" truecount="2" falsecount="0"/>
      <line num="160" count="2" type="cond" truecount="5" falsecount="0"/>
      <line num="161" count="1" type="stmt"/>
      <line num="165" count="11" type="cond" truecount="5" falsecount="0"/>
      <line num="166" count="1" type="stmt"/>
      <line num="178" count="2" type="cond" truecount="0" falsecount="1"/>
      <line num="179" count="8" type="stmt"/>
      <line num="181" count="8" type="cond" truecount="2" falsecount="0"/>
      <line num="182" count="7" type="stmt"/>
      <line num="186" count="8" type="stmt"/>
      <line num="187" count="1" type="stmt"/>
      <line num="188" count="1" type="cond" truecount="1" falsecount="1"/>
      <line num="189" count="1" type="stmt"/>
      <line num="192" count="8" type="stmt"/>
      <line num="193" count="8" type="stmt"/>
      <line num="195" count="8" type="stmt"/>
      <line num="196" count="8" type="stmt"/>
      <line num="198" count="0" type="stmt"/>
      <line num="199" count="0" type="stmt"/>
      <line num="210" count="2" type="stmt"/>
      <line num="211" count="0" type="stmt"/>
      <line num="212" count="0" type="cond" truecount="0" falsecount="2"/>
      <line num="213" count="0" type="stmt"/>
      <line num="216" count="0" type="cond" truecount="0" falsecount="2"/>
      <line num="217" count="0" type="stmt"/>
      <line num="220" count="0" type="cond" truecount="0" falsecount="4"/>
      <line num="221" count="0" type="stmt"/>
      <line num="222" count="0" type="stmt"/>
      <line num="223" count="0" type="stmt"/>
      <line num="224" count="0" type="stmt"/>
      <line num="226" count="0" type="stmt"/>
      <line num="227" count="0" type="stmt"/>
      <line num="230" count="0" type="stmt"/>
      <line num="233" count="0" type="stmt"/>
      <line num="235" count="0" type="stmt"/>
      <line num="236" count="0" type="stmt"/>
      <line num="246" count="2" type="stmt"/>
      <line num="247" count="7" type="cond" truecount="1" falsecount="1"/>
      <line num="249" count="7" type="stmt"/>
      <line num="250" count="9" type="stmt"/>
      <line num="251" count="9" type="cond" truecount="2" falsecount="0"/>
      <line num="252" count="1" type="stmt"/>
      <line num="256" count="6" type="stmt"/>
      <line num="265" count="2" type="stmt"/>
      <line num="266" count="11" type="cond" truecount="1" falsecount="1"/>
      <line num="268" count="11" type="stmt"/>
      <line num="270" count="11" type="cond" truecount="7" falsecount="0"/>
      <line num="272" count="2" type="cond" truecount="1" falsecount="1"/>
      <line num="273" count="0" type="stmt"/>
      <line num="275" count="2" type="stmt"/>
      <line num="279" count="9" type="cond" truecount="4" falsecount="0"/>
      <line num="280" count="2" type="stmt"/>
      <line num="281" count="1" type="cond" truecount="1" falsecount="1"/>
      <line num="282" count="0" type="stmt"/>
      <line num="284" count="1" type="stmt"/>
      <line num="288" count="8" type="cond" truecount="2" falsecount="0"/>
      <line num="289" count="1" type="stmt"/>
      <line num="293" count="10" type="stmt"/>
      <line num="296" count="2" type="stmt"/>
    </file>
    <file name="server.js" path="/Users/blake/work/npm-mock-server/src/lib/server.js">
      <metrics statements="221" coveredstatements="118" conditionals="65" coveredconditionals="22" methods="44" coveredmethods="27"/>
      <line num="5" count="1" type="stmt"/>
      <line num="6" count="1" type="stmt"/>
      <line num="7" count="1" type="stmt"/>
      <line num="8" count="1" type="stmt"/>
      <line num="15" count="1" type="stmt"/>
      <line num="18" count="1" type="stmt"/>
      <line num="24" count="9" type="stmt"/>
      <line num="37" count="1" type="cond" truecount="1" falsecount="0"/>
      <line num="39" count="28" type="cond" truecount="1" falsecount="1"/>
      <line num="40" count="28" type="cond" truecount="3" falsecount="1"/>
      <line num="41" count="28" type="stmt"/>
      <line num="51" count="1" type="stmt"/>
      <line num="52" count="6" type="stmt"/>
      <line num="53" count="6" type="stmt"/>
      <line num="54" count="5" type="stmt"/>
      <line num="55" count="5" type="stmt"/>
      <line num="56" count="5" type="stmt"/>
      <line num="57" count="5" type="stmt"/>
      <line num="58" count="5" type="stmt"/>
      <line num="60" count="0" type="stmt"/>
      <line num="63" count="1" type="cond" truecount="1" falsecount="1"/>
      <line num="64" count="1" type="stmt"/>
      <line num="66" count="0" type="stmt"/>
      <line num="75" count="1" type="stmt"/>
      <line num="76" count="5" type="stmt"/>
      <line num="77" count="5" type="cond" truecount="2" falsecount="2"/>
      <line num="79" count="0" type="cond" truecount="0" falsecount="2"/>
      <line num="80" count="0" type="stmt"/>
      <line num="81" count="0" type="stmt"/>
      <line num="85" count="0" type="cond" truecount="0" falsecount="2"/>
      <line num="89" count="0" type="stmt"/>
      <line num="90" count="0" type="stmt"/>
      <line num="91" count="0" type="stmt"/>
      <line num="94" count="5" type="stmt"/>
      <line num="95" count="5" type="stmt"/>
      <line num="96" count="5" type="stmt"/>
      <line num="99" count="0" type="stmt"/>
      <line num="100" count="0" type="stmt"/>
      <line num="111" count="1" type="stmt"/>
      <line num="112" count="0" type="stmt"/>
      <line num="113" count="0" type="stmt"/>
      <line num="115" count="0" type="stmt"/>
      <line num="116" count="0" type="stmt"/>
      <line num="124" count="1" type="stmt"/>
      <line num="125" count="5" type="stmt"/>
      <line num="127" count="0" type="stmt"/>
      <line num="130" count="0" type="stmt"/>
      <line num="133" count="0" type="stmt"/>
      <line num="135" count="0" type="stmt"/>
      <line num="137" count="0" type="stmt"/>
      <line num="146" count="1" type="stmt"/>
      <line num="147" count="5" type="stmt"/>
      <line num="148" count="0" type="cond" truecount="0" falsecount="2"/>
      <line num="149" count="0" type="stmt"/>
      <line num="150" count="0" type="stmt"/>
      <line num="152" count="0" type="stmt"/>
      <line num="161" count="1" type="stmt"/>
      <line num="162" count="5" type="cond" truecount="2" falsecount="2"/>
      <line num="163" count="0" type="stmt"/>
      <line num="164" count="0" type="stmt"/>
      <line num="166" count="0" type="stmt"/>
      <line num="167" count="0" type="stmt"/>
      <line num="168" count="0" type="stmt"/>
      <line num="173" count="0" type="stmt"/>
      <line num="175" count="0" type="stmt"/>
      <line num="177" count="0" type="stmt"/>
      <line num="178" count="0" type="stmt"/>
      <line num="184" count="0" type="cond" truecount="0" falsecount="2"/>
      <line num="185" count="0" type="stmt"/>
      <line num="188" count="0" type="stmt"/>
      <line num="197" count="1" type="stmt"/>
      <line num="198" count="5" type="stmt"/>
      <line num="199" count="0" type="stmt"/>
      <line num="200" count="0" type="stmt"/>
      <line num="201" count="0" type="stmt"/>
      <line num="202" count="0" type="stmt"/>
      <line num="210" count="1" type="stmt"/>
      <line num="212" count="5" type="stmt"/>
      <line num="213" count="0" type="stmt"/>
      <line num="217" count="5" type="stmt"/>
      <line num="218" count="0" type="stmt"/>
      <line num="219" count="0" type="stmt"/>
      <line num="223" count="5" type="stmt"/>
      <line num="224" count="0" type="stmt"/>
      <line num="227" count="0" type="cond" truecount="0" falsecount="2"/>
      <line num="228" count="0" type="stmt"/>
      <line num="231" count="0" type="cond" truecount="0" falsecount="2"/>
      <line num="232" count="0" type="stmt"/>
      <line num="236" count="0" type="stmt"/>
      <line num="246" count="1" type="stmt"/>
      <line num="247" count="5" type="stmt"/>
      <line num="248" count="5" type="stmt"/>
      <line num="249" count="5" type="stmt"/>
      <line num="250" count="5" type="stmt"/>
      <line num="251" count="5" type="stmt"/>
      <line num="252" count="5" type="stmt"/>
      <line num="260" count="1" type="stmt"/>
      <line num="262" count="5" type="stmt"/>
      <line num="264" count="5" type="stmt"/>
      <line num="265" count="5" type="stmt"/>
      <line num="267" count="5" type="stmt"/>
      <line num="268" count="0" type="stmt"/>
      <line num="269" count="0" type="stmt"/>
      <line num="270" count="0" type="stmt"/>
      <line num="273" count="0" type="cond" truecount="0" falsecount="4"/>
      <line num="274" count="0" type="cond" truecount="0" falsecount="2"/>
      <line num="275" count="0" type="stmt"/>
      <line num="276" count="0" type="stmt"/>
      <line num="277" count="0" type="stmt"/>
      <line num="279" count="0" type="stmt"/>
      <line num="280" count="0" type="stmt"/>
      <line num="284" count="0" type="cond" truecount="0" falsecount="2"/>
      <line num="285" count="0" type="stmt"/>
      <line num="287" count="0" type="stmt"/>
      <line num="288" count="0" type="stmt"/>
      <line num="290" count="0" type="stmt"/>
      <line num="298" count="0" type="stmt"/>
      <line num="300" count="0" type="stmt"/>
      <line num="302" count="0" type="stmt"/>
      <line num="303" count="0" type="stmt"/>
      <line num="309" count="0" type="cond" truecount="0" falsecount="2"/>
      <line num="310" count="0" type="stmt"/>
      <line num="315" count="0" type="cond" truecount="0" falsecount="2"/>
      <line num="316" count="0" type="cond" truecount="0" falsecount="2"/>
      <line num="317" count="0" type="stmt"/>
      <line num="321" count="0" type="cond" truecount="0" falsecount="2"/>
      <line num="322" count="0" type="stmt"/>
      <line num="326" count="0" type="stmt"/>
      <line num="334" count="0" type="stmt"/>
      <line num="336" count="0" type="stmt"/>
      <line num="337" count="0" type="stmt"/>
      <line num="338" count="0" type="stmt"/>
      <line num="340" count="0" type="stmt"/>
      <line num="341" count="0" type="stmt"/>
      <line num="344" count="0" type="stmt"/>
      <line num="345" count="0" type="stmt"/>
      <line num="351" count="5" type="stmt"/>
      <line num="352" count="0" type="stmt"/>
      <line num="360" count="1" type="stmt"/>
      <line num="361" count="1" type="cond" truecount="1" falsecount="1"/>
      <line num="362" count="0" type="stmt"/>
      <line num="365" count="1" type="stmt"/>
      <line num="366" count="1" type="stmt"/>
      <line num="369" count="1" type="cond" truecount="1" falsecount="1"/>
      <line num="370" count="0" type="stmt"/>
      <line num="374" count="1" type="stmt"/>
      <line num="375" count="0" type="stmt"/>
      <line num="376" count="0" type="stmt"/>
      <line num="380" count="1" type="cond" truecount="1" falsecount="1"/>
      <line num="381" count="1" type="stmt"/>
      <line num="382" count="1" type="stmt"/>
      <line num="383" count="1" type="cond" truecount="1" falsecount="1"/>
      <line num="384" count="0" type="stmt"/>
      <line num="385" count="0" type="stmt"/>
      <line num="386" count="0" type="stmt"/>
      <line num="388" count="0" type="stmt"/>
      <line num="389" count="0" type="stmt"/>
      <line num="392" count="1" type="stmt"/>
      <line num="396" count="0" type="stmt"/>
      <line num="409" count="1" type="cond" truecount="0" falsecount="1"/>
      <line num="410" count="6" type="stmt"/>
      <line num="412" count="6" type="stmt"/>
      <line num="413" count="5" type="stmt"/>
      <line num="416" count="5" type="stmt"/>
      <line num="419" count="5" type="stmt"/>
      <line num="422" count="5" type="stmt"/>
      <line num="424" count="5" type="stmt"/>
      <line num="425" count="5" type="stmt"/>
      <line num="426" count="4" type="stmt"/>
      <line num="427" count="4" type="stmt"/>
      <line num="428" count="4" type="stmt"/>
      <line num="431" count="4" type="stmt"/>
      <line num="432" count="0" type="stmt"/>
      <line num="433" count="0" type="stmt"/>
      <line num="436" count="1" type="stmt"/>
      <line num="437" count="1" type="stmt"/>
      <line num="441" count="1" type="stmt"/>
      <line num="442" count="1" type="stmt"/>
      <line num="451" count="1" type="stmt"/>
      <line num="452" count="9" type="stmt"/>
      <line num="454" count="9" type="cond" truecount="1" falsecount="1"/>
      <line num="455" count="0" type="stmt"/>
      <line num="456" count="0" type="stmt"/>
      <line num="460" count="9" type="cond" truecount="2" falsecount="0"/>
      <line num="461" count="4" type="stmt"/>
      <line num="462" count="4" type="stmt"/>
      <line num="463" count="4" type="cond" truecount="1" falsecount="1"/>
      <line num="464" count="0" type="stmt"/>
      <line num="466" count="4" type="stmt"/>
      <line num="470" count="4" type="stmt"/>
      <line num="474" count="9" type="cond" truecount="2" falsecount="0"/>
      <line num="475" count="1" type="stmt"/>
      <line num="476" count="1" type="stmt"/>
      <line num="480" count="9" type="cond" truecount="1" falsecount="1"/>
      <line num="481" count="0" type="stmt"/>
      <line num="485" count="9" type="stmt"/>
      <line num="486" count="9" type="stmt"/>
      <line num="487" count="9" type="stmt"/>
      <line num="489" count="0" type="stmt"/>
      <line num="490" count="0" type="stmt"/>
      <line num="499" count="1" type="stmt"/>
      <line num="500" count="9" type="stmt"/>
      <line num="501" count="9" type="stmt"/>
      <line num="504" count="9" type="stmt"/>
      <line num="505" count="9" type="stmt"/>
      <line num="508" count="9" type="stmt"/>
      <line num="509" count="9" type="stmt"/>
      <line num="512" count="9" type="stmt"/>
      <line num="513" count="9" type="stmt"/>
      <line num="515" count="9" type="stmt"/>
      <line num="516" count="6" type="cond" truecount="1" falsecount="0"/>
      <line num="518" count="9" type="stmt"/>
      <line num="520" count="9" type="stmt"/>
      <line num="521" count="9" type="stmt"/>
      <line num="530" count="1" type="stmt"/>
      <line num="531" count="1" type="stmt"/>
      <line num="532" count="1" type="stmt"/>
      <line num="533" count="1" type="stmt"/>
      <line num="534" count="1" type="stmt"/>
      <line num="535" count="1" type="stmt"/>
      <line num="540" count="1" type="stmt"/>
    </file>
  </project>
</coverage>
