<?xml version="1.0" encoding="UTF-8"?>
<coverage generated="1743831149580" clover="3.2.0">
  <project timestamp="1743831149580" name="All files">
    <metrics statements="205" coveredstatements="163" conditionals="78" coveredconditionals="59" methods="41" coveredmethods="34" elements="324" coveredelements="256" complexity="0" loc="205" ncloc="205" packages="1" files="2" classes="2"/>
    <file name="server-utils.js" path="/Users/blake/work/npm-mock-server/src/lib/server-utils.js">
      <metrics statements="63" coveredstatements="58" conditionals="42" coveredconditionals="35" methods="12" coveredmethods="12"/>
      <line num="5" count="1" type="stmt"/>
      <line num="6" count="1" type="stmt"/>
      <line num="13" count="5" type="stmt"/>
      <line num="21" count="1" type="stmt"/>
      <line num="27" count="1" type="stmt"/>
      <line num="34" count="1" type="stmt"/>
      <line num="36" count="9" type="cond" truecount="3" falsecount="1"/>
      <line num="37" count="9" type="stmt"/>
      <line num="39" count="0" type="stmt"/>
      <line num="48" count="1" type="stmt"/>
      <line num="49" count="11" type="cond" truecount="4" falsecount="0"/>
      <line num="50" count="1" type="stmt"/>
      <line num="53" count="10" type="stmt"/>
      <line num="54" count="70" type="cond" truecount="3" falsecount="1"/>
      <line num="55" count="0" type="stmt"/>
      <line num="58" count="70" type="cond" truecount="3" falsecount="1"/>
      <line num="59" count="0" type="stmt"/>
      <line num="62" count="70" type="cond" truecount="2" falsecount="0"/>
      <line num="63" count="10" type="stmt"/>
      <line num="76" count="1" type="stmt"/>
      <line num="77" count="10" type="stmt"/>
      <line num="78" count="10" type="stmt"/>
      <line num="80" count="10" type="cond" truecount="1" falsecount="1"/>
      <line num="81" count="0" type="stmt"/>
      <line num="92" count="1" type="stmt"/>
      <line num="93" count="39" type="stmt"/>
      <line num="94" count="39" type="cond" truecount="1" falsecount="1"/>
      <line num="95" count="0" type="stmt"/>
      <line num="98" count="39" type="stmt"/>
      <line num="99" count="39" type="stmt"/>
      <line num="101" count="39" type="cond" truecount="4" falsecount="0"/>
      <line num="102" count="2" type="stmt"/>
      <line num="105" count="37" type="stmt"/>
      <line num="107" count="2" type="stmt"/>
      <line num="118" count="1" type="stmt"/>
      <line num="119" count="25" type="stmt"/>
      <line num="120" count="25" type="cond" truecount="2" falsecount="0"/>
      <line num="121" count="14" type="stmt"/>
      <line num="124" count="11" type="cond" truecount="2" falsecount="0"/>
      <line num="125" count="4" type="stmt"/>
      <line num="128" count="9" type="cond" truecount="4" falsecount="0"/>
      <line num="129" count="7" type="stmt"/>
      <line num="130" count="7" type="stmt"/>
      <line num="131" count="15" type="stmt"/>
      <line num="132" count="15" type="stmt"/>
      <line num="134" count="1" type="stmt"/>
      <line num="137" count="6" type="stmt"/>
      <line num="140" count="2" type="stmt"/>
      <line num="142" count="2" type="stmt"/>
      <line num="152" count="1" type="stmt"/>
      <line num="153" count="5" type="cond" truecount="1" falsecount="1"/>
      <line num="155" count="5" type="stmt"/>
      <line num="156" count="5" type="stmt"/>
      <line num="157" count="5" type="cond" truecount="2" falsecount="0"/>
      <line num="158" count="1" type="stmt"/>
      <line num="162" count="4" type="stmt"/>
      <line num="171" count="1" type="stmt"/>
      <line num="172" count="5" type="cond" truecount="1" falsecount="1"/>
      <line num="174" count="5" type="stmt"/>
      <line num="175" count="5" type="cond" truecount="2" falsecount="0"/>
      <line num="176" count="1" type="stmt"/>
      <line num="180" count="4" type="stmt"/>
      <line num="183" count="1" type="stmt"/>
    </file>
    <file name="server.js" path="/Users/blake/work/npm-mock-server/src/lib/server.js">
      <metrics statements="142" coveredstatements="105" conditionals="36" coveredconditionals="24" methods="29" coveredmethods="22"/>
      <line num="5" count="1" type="stmt"/>
      <line num="6" count="1" type="stmt"/>
      <line num="7" count="1" type="stmt"/>
      <line num="8" count="1" type="stmt"/>
      <line num="15" count="1" type="stmt"/>
      <line num="18" count="1" type="stmt"/>
      <line num="24" count="27" type="stmt"/>
      <line num="36" count="1" type="stmt"/>
      <line num="37" count="23" type="stmt"/>
      <line num="46" count="1" type="stmt"/>
      <line num="47" count="12" type="stmt"/>
      <line num="48" count="12" type="stmt"/>
      <line num="49" count="11" type="stmt"/>
      <line num="50" count="11" type="stmt"/>
      <line num="51" count="10" type="stmt"/>
      <line num="52" count="9" type="stmt"/>
      <line num="53" count="9" type="stmt"/>
      <line num="55" count="2" type="stmt"/>
      <line num="58" count="3" type="cond" truecount="2" falsecount="0"/>
      <line num="59" count="1" type="stmt"/>
      <line num="61" count="2" type="stmt"/>
      <line num="71" count="1" type="stmt"/>
      <line num="73" count="9" type="stmt"/>
      <line num="74" count="9" type="stmt"/>
      <line num="76" count="9" type="stmt"/>
      <line num="77" count="9" type="stmt"/>
      <line num="81" count="9" type="stmt"/>
      <line num="82" count="9" type="cond" truecount="1" falsecount="1"/>
      <line num="83" count="0" type="stmt"/>
      <line num="84" count="0" type="stmt"/>
      <line num="86" count="9" type="stmt"/>
      <line num="90" count="9" type="cond" truecount="3" falsecount="1"/>
      <line num="91" count="9" type="stmt"/>
      <line num="92" count="9" type="stmt"/>
      <line num="93" count="18" type="stmt"/>
      <line num="94" count="18" type="stmt"/>
      <line num="99" count="0" type="stmt"/>
      <line num="102" count="9" type="stmt"/>
      <line num="107" count="9" type="stmt"/>
      <line num="108" count="9" type="stmt"/>
      <line num="109" count="9" type="stmt"/>
      <line num="110" count="9" type="stmt"/>
      <line num="111" count="9" type="stmt"/>
      <line num="115" count="9" type="stmt"/>
      <line num="116" count="0" type="stmt"/>
      <line num="117" count="0" type="stmt"/>
      <line num="126" count="1" type="stmt"/>
      <line num="128" count="9" type="stmt"/>
      <line num="129" count="63" type="stmt"/>
      <line num="130" count="8" type="stmt"/>
      <line num="132" count="8" type="cond" truecount="4" falsecount="0"/>
      <line num="133" count="1" type="cond" truecount="1" falsecount="1"/>
      <line num="134" count="1" type="stmt"/>
      <line num="135" count="1" type="stmt"/>
      <line num="137" count="0" type="stmt"/>
      <line num="138" count="0" type="stmt"/>
      <line num="142" count="7" type="cond" truecount="2" falsecount="0"/>
      <line num="143" count="1" type="stmt"/>
      <line num="144" count="2" type="stmt"/>
      <line num="146" count="2" type="stmt"/>
      <line num="154" count="2" type="stmt"/>
      <line num="156" count="0" type="stmt"/>
      <line num="157" count="0" type="stmt"/>
      <line num="158" count="0" type="stmt"/>
      <line num="164" count="7" type="cond" truecount="2" falsecount="0"/>
      <line num="165" count="1" type="cond" truecount="1" falsecount="1"/>
      <line num="166" count="1" type="stmt"/>
      <line num="170" count="6" type="cond" truecount="2" falsecount="0"/>
      <line num="171" count="1" type="stmt"/>
      <line num="175" count="6" type="stmt"/>
      <line num="183" count="6" type="stmt"/>
      <line num="184" count="6" type="stmt"/>
      <line num="185" count="5" type="stmt"/>
      <line num="187" count="1" type="stmt"/>
      <line num="188" count="1" type="stmt"/>
      <line num="191" count="0" type="stmt"/>
      <line num="192" count="0" type="stmt"/>
      <line num="198" count="9" type="stmt"/>
      <line num="199" count="1" type="stmt"/>
      <line num="207" count="1" type="stmt"/>
      <line num="208" count="1" type="stmt"/>
      <line num="209" count="1" type="stmt"/>
      <line num="211" count="1" type="cond" truecount="1" falsecount="1"/>
      <line num="212" count="0" type="stmt"/>
      <line num="213" count="0" type="stmt"/>
      <line num="214" count="0" type="cond" truecount="0" falsecount="2"/>
      <line num="215" count="0" type="stmt"/>
      <line num="217" count="0" type="stmt"/>
      <line num="222" count="0" type="stmt"/>
      <line num="223" count="0" type="stmt"/>
      <line num="224" count="0" type="stmt"/>
      <line num="238" count="1" type="cond" truecount="0" falsecount="1"/>
      <line num="239" count="12" type="stmt"/>
      <line num="241" count="12" type="stmt"/>
      <line num="244" count="9" type="stmt"/>
      <line num="245" count="9" type="stmt"/>
      <line num="247" count="9" type="stmt"/>
      <line num="248" count="9" type="stmt"/>
      <line num="249" count="9" type="stmt"/>
      <line num="250" count="9" type="stmt"/>
      <line num="253" count="9" type="stmt"/>
      <line num="254" count="0" type="stmt"/>
      <line num="255" count="0" type="stmt"/>
      <line num="256" count="0" type="stmt"/>
      <line num="260" count="9" type="cond" truecount="1" falsecount="1"/>
      <line num="261" count="0" type="stmt"/>
      <line num="262" count="0" type="stmt"/>
      <line num="263" count="0" type="stmt"/>
      <line num="264" count="0" type="stmt"/>
      <line num="265" count="0" type="stmt"/>
      <line num="268" count="0" type="stmt"/>
      <line num="269" count="0" type="stmt"/>
      <line num="270" count="0" type="stmt"/>
      <line num="272" count="0" type="stmt"/>
      <line num="274" count="0" type="stmt"/>
      <line num="280" count="3" type="stmt"/>
      <line num="281" count="3" type="stmt"/>
      <line num="290" count="1" type="stmt"/>
      <line num="291" count="25" type="cond" truecount="2" falsecount="0"/>
      <line num="292" count="8" type="cond" truecount="1" falsecount="1"/>
      <line num="293" count="0" type="stmt"/>
      <line num="294" count="0" type="stmt"/>
      <line num="297" count="8" type="cond" truecount="1" falsecount="1"/>
      <line num="298" count="0" type="stmt"/>
      <line num="299" count="0" type="stmt"/>
      <line num="302" count="8" type="stmt"/>
      <line num="303" count="8" type="stmt"/>
      <line num="312" count="1" type="stmt"/>
      <line num="313" count="27" type="stmt"/>
      <line num="314" count="27" type="stmt"/>
      <line num="317" count="27" type="stmt"/>
      <line num="318" count="27" type="stmt"/>
      <line num="321" count="27" type="stmt"/>
      <line num="322" count="27" type="stmt"/>
      <line num="325" count="27" type="stmt"/>
      <line num="326" count="27" type="stmt"/>
      <line num="328" count="27" type="stmt"/>
      <line num="329" count="12" type="cond" truecount="0" falsecount="1"/>
      <line num="331" count="25" type="stmt"/>
      <line num="333" count="25" type="stmt"/>
      <line num="334" count="25" type="stmt"/>
      <line num="339" count="1" type="stmt"/>
    </file>
  </project>
</coverage>
