{"/Users/blake/work/npm-mock-server/src/lib/server-utils.js": {"path":"/Users/blake/work/npm-mock-server/src/lib/server-utils.js","statementMap":{"0":{"start":{"line":5,"column":19},"end":{"line":5,"column":40}},"1":{"start":{"line":6,"column":23},"end":{"line":6,"column":38}},"2":{"start":{"line":13,"column":0},"end":{"line":13,"column":65}},"3":{"start":{"line":13,"column":39},"end":{"line":13,"column":63}},"4":{"start":{"line":21,"column":0},"end":{"line":21,"column":101}},"5":{"start":{"line":21,"column":50},"end":{"line":21,"column":99}},"6":{"start":{"line":27,"column":0},"end":{"line":27,"column":50}},"7":{"start":{"line":27,"column":40},"end":{"line":27,"column":48}},"8":{"start":{"line":34,"column":0},"end":{"line":40,"column":3}},"9":{"start":{"line":36,"column":2},"end":{"line":38,"column":3}},"10":{"start":{"line":37,"column":4},"end":{"line":37,"column":39}},"11":{"start":{"line":39,"column":2},"end":{"line":39,"column":11}},"12":{"start":{"line":48,"column":23},"end":{"line":66,"column":1}},"13":{"start":{"line":49,"column":2},"end":{"line":51,"column":3}},"14":{"start":{"line":50,"column":4},"end":{"line":50,"column":57}},"15":{"start":{"line":53,"column":2},"end":{"line":65,"column":3}},"16":{"start":{"line":54,"column":4},"end":{"line":56,"column":5}},"17":{"start":{"line":55,"column":6},"end":{"line":55,"column":64}},"18":{"start":{"line":58,"column":4},"end":{"line":60,"column":5}},"19":{"start":{"line":59,"column":6},"end":{"line":59,"column":77}},"20":{"start":{"line":62,"column":4},"end":{"line":64,"column":5}},"21":{"start":{"line":63,"column":6},"end":{"line":63,"column":43}},"22":{"start":{"line":76,"column":27},"end":{"line":83,"column":1}},"23":{"start":{"line":77,"column":22},"end":{"line":77,"column":50}},"24":{"start":{"line":78,"column":24},"end":{"line":78,"column":93}},"25":{"start":{"line":78,"column":64},"end":{"line":78,"column":92}},"26":{"start":{"line":80,"column":2},"end":{"line":82,"column":3}},"27":{"start":{"line":81,"column":4},"end":{"line":81,"column":77}},"28":{"start":{"line":92,"column":24},"end":{"line":109,"column":1}},"29":{"start":{"line":93,"column":2},"end":{"line":108,"column":3}},"30":{"start":{"line":94,"column":4},"end":{"line":96,"column":5}},"31":{"start":{"line":95,"column":6},"end":{"line":95,"column":51}},"32":{"start":{"line":98,"column":29},"end":{"line":98,"column":57}},"33":{"start":{"line":99,"column":19},"end":{"line":99,"column":41}},"34":{"start":{"line":101,"column":4},"end":{"line":103,"column":5}},"35":{"start":{"line":102,"column":6},"end":{"line":102,"column":51}},"36":{"start":{"line":105,"column":4},"end":{"line":105,"column":18}},"37":{"start":{"line":107,"column":4},"end":{"line":107,"column":49}},"38":{"start":{"line":118,"column":28},"end":{"line":144,"column":1}},"39":{"start":{"line":119,"column":2},"end":{"line":143,"column":3}},"40":{"start":{"line":120,"column":4},"end":{"line":122,"column":5}},"41":{"start":{"line":121,"column":6},"end":{"line":121,"column":41}},"42":{"start":{"line":124,"column":4},"end":{"line":126,"column":5}},"43":{"start":{"line":125,"column":6},"end":{"line":125,"column":63}},"44":{"start":{"line":125,"column":30},"end":{"line":125,"column":61}},"45":{"start":{"line":128,"column":4},"end":{"line":138,"column":5}},"46":{"start":{"line":129,"column":21},"end":{"line":129,"column":23}},"47":{"start":{"line":130,"column":6},"end":{"line":136,"column":7}},"48":{"start":{"line":131,"column":8},"end":{"line":135,"column":9}},"49":{"start":{"line":132,"column":10},"end":{"line":132,"column":57}},"50":{"start":{"line":134,"column":10},"end":{"line":134,"column":55}},"51":{"start":{"line":137,"column":6},"end":{"line":137,"column":20}},"52":{"start":{"line":140,"column":4},"end":{"line":140,"column":16}},"53":{"start":{"line":142,"column":4},"end":{"line":142,"column":49}},"54":{"start":{"line":152,"column":24},"end":{"line":163,"column":1}},"55":{"start":{"line":153,"column":2},"end":{"line":153,"column":31}},"56":{"start":{"line":153,"column":19},"end":{"line":153,"column":31}},"57":{"start":{"line":155,"column":2},"end":{"line":160,"column":3}},"58":{"start":{"line":156,"column":25},"end":{"line":156,"column":35}},"59":{"start":{"line":157,"column":4},"end":{"line":159,"column":5}},"60":{"start":{"line":158,"column":6},"end":{"line":158,"column":19}},"61":{"start":{"line":162,"column":2},"end":{"line":162,"column":14}},"62":{"start":{"line":171,"column":20},"end":{"line":181,"column":1}},"63":{"start":{"line":172,"column":2},"end":{"line":172,"column":28}},"64":{"start":{"line":172,"column":15},"end":{"line":172,"column":28}},"65":{"start":{"line":174,"column":2},"end":{"line":178,"column":3}},"66":{"start":{"line":175,"column":4},"end":{"line":177,"column":5}},"67":{"start":{"line":176,"column":6},"end":{"line":176,"column":19}},"68":{"start":{"line":180,"column":2},"end":{"line":180,"column":14}},"69":{"start":{"line":183,"column":0},"end":{"line":190,"column":2}}},"fnMap":{"0":{"name":"(anonymous_0)","decl":{"start":{"line":13,"column":33},"end":{"line":13,"column":34}},"loc":{"start":{"line":13,"column":39},"end":{"line":13,"column":63}},"line":13},"1":{"name":"(anonymous_1)","decl":{"start":{"line":21,"column":36},"end":{"line":21,"column":37}},"loc":{"start":{"line":21,"column":50},"end":{"line":21,"column":99}},"line":21},"2":{"name":"(anonymous_2)","decl":{"start":{"line":27,"column":34},"end":{"line":27,"column":35}},"loc":{"start":{"line":27,"column":40},"end":{"line":27,"column":48}},"line":27},"3":{"name":"(anonymous_3)","decl":{"start":{"line":34,"column":42},"end":{"line":34,"column":43}},"loc":{"start":{"line":34,"column":53},"end":{"line":40,"column":1}},"line":34},"4":{"name":"(anonymous_4)","decl":{"start":{"line":48,"column":23},"end":{"line":48,"column":24}},"loc":{"start":{"line":48,"column":35},"end":{"line":66,"column":1}},"line":48},"5":{"name":"(anonymous_5)","decl":{"start":{"line":76,"column":27},"end":{"line":76,"column":28}},"loc":{"start":{"line":76,"column":43},"end":{"line":83,"column":1}},"line":76},"6":{"name":"(anonymous_6)","decl":{"start":{"line":78,"column":55},"end":{"line":78,"column":56}},"loc":{"start":{"line":78,"column":64},"end":{"line":78,"column":92}},"line":78},"7":{"name":"(anonymous_7)","decl":{"start":{"line":92,"column":24},"end":{"line":92,"column":25}},"loc":{"start":{"line":92,"column":44},"end":{"line":109,"column":1}},"line":92},"8":{"name":"(anonymous_8)","decl":{"start":{"line":118,"column":28},"end":{"line":118,"column":29}},"loc":{"start":{"line":118,"column":44},"end":{"line":144,"column":1}},"line":118},"9":{"name":"(anonymous_9)","decl":{"start":{"line":125,"column":22},"end":{"line":125,"column":23}},"loc":{"start":{"line":125,"column":30},"end":{"line":125,"column":61}},"line":125},"10":{"name":"(anonymous_10)","decl":{"start":{"line":152,"column":24},"end":{"line":152,"column":25}},"loc":{"start":{"line":152,"column":45},"end":{"line":163,"column":1}},"line":152},"11":{"name":"(anonymous_11)","decl":{"start":{"line":171,"column":20},"end":{"line":171,"column":21}},"loc":{"start":{"line":171,"column":42},"end":{"line":181,"column":1}},"line":171}},"branchMap":{"0":{"loc":{"start":{"line":36,"column":2},"end":{"line":38,"column":3}},"type":"if","locations":[{"start":{"line":36,"column":2},"end":{"line":38,"column":3}},{"start":{},"end":{}}],"line":36},"1":{"loc":{"start":{"line":36,"column":6},"end":{"line":36,"column":28}},"type":"binary-expr","locations":[{"start":{"line":36,"column":6},"end":{"line":36,"column":10}},{"start":{"line":36,"column":14},"end":{"line":36,"column":28}}],"line":36},"2":{"loc":{"start":{"line":49,"column":2},"end":{"line":51,"column":3}},"type":"if","locations":[{"start":{"line":49,"column":2},"end":{"line":51,"column":3}},{"start":{},"end":{}}],"line":49},"3":{"loc":{"start":{"line":49,"column":6},"end":{"line":49,"column":46}},"type":"binary-expr","locations":[{"start":{"line":49,"column":6},"end":{"line":49,"column":13}},{"start":{"line":49,"column":17},"end":{"line":49,"column":46}}],"line":49},"4":{"loc":{"start":{"line":54,"column":4},"end":{"line":56,"column":5}},"type":"if","locations":[{"start":{"line":54,"column":4},"end":{"line":56,"column":5}},{"start":{},"end":{}}],"line":54},"5":{"loc":{"start":{"line":54,"column":8},"end":{"line":54,"column":36}},"type":"binary-expr","locations":[{"start":{"line":54,"column":8},"end":{"line":54,"column":21}},{"start":{"line":54,"column":25},"end":{"line":54,"column":36}}],"line":54},"6":{"loc":{"start":{"line":58,"column":4},"end":{"line":60,"column":5}},"type":"if","locations":[{"start":{"line":58,"column":4},"end":{"line":60,"column":5}},{"start":{},"end":{}}],"line":58},"7":{"loc":{"start":{"line":58,"column":8},"end":{"line":58,"column":43}},"type":"binary-expr","locations":[{"start":{"line":58,"column":8},"end":{"line":58,"column":23}},{"start":{"line":58,"column":27},"end":{"line":58,"column":43}}],"line":58},"8":{"loc":{"start":{"line":62,"column":4},"end":{"line":64,"column":5}},"type":"if","locations":[{"start":{"line":62,"column":4},"end":{"line":64,"column":5}},{"start":{},"end":{}}],"line":62},"9":{"loc":{"start":{"line":80,"column":2},"end":{"line":82,"column":3}},"type":"if","locations":[{"start":{"line":80,"column":2},"end":{"line":82,"column":3}},{"start":{},"end":{}}],"line":80},"10":{"loc":{"start":{"line":94,"column":4},"end":{"line":96,"column":5}},"type":"if","locations":[{"start":{"line":94,"column":4},"end":{"line":96,"column":5}},{"start":{},"end":{}}],"line":94},"11":{"loc":{"start":{"line":101,"column":4},"end":{"line":103,"column":5}},"type":"if","locations":[{"start":{"line":101,"column":4},"end":{"line":103,"column":5}},{"start":{},"end":{}}],"line":101},"12":{"loc":{"start":{"line":101,"column":8},"end":{"line":101,"column":45}},"type":"binary-expr","locations":[{"start":{"line":101,"column":8},"end":{"line":101,"column":28}},{"start":{"line":101,"column":32},"end":{"line":101,"column":45}}],"line":101},"13":{"loc":{"start":{"line":120,"column":4},"end":{"line":122,"column":5}},"type":"if","locations":[{"start":{"line":120,"column":4},"end":{"line":122,"column":5}},{"start":{},"end":{}}],"line":120},"14":{"loc":{"start":{"line":124,"column":4},"end":{"line":126,"column":5}},"type":"if","locations":[{"start":{"line":124,"column":4},"end":{"line":126,"column":5}},{"start":{},"end":{}}],"line":124},"15":{"loc":{"start":{"line":128,"column":4},"end":{"line":138,"column":5}},"type":"if","locations":[{"start":{"line":128,"column":4},"end":{"line":138,"column":5}},{"start":{},"end":{}}],"line":128},"16":{"loc":{"start":{"line":128,"column":8},"end":{"line":128,"column":49}},"type":"binary-expr","locations":[{"start":{"line":128,"column":8},"end":{"line":128,"column":32}},{"start":{"line":128,"column":36},"end":{"line":128,"column":49}}],"line":128},"17":{"loc":{"start":{"line":153,"column":2},"end":{"line":153,"column":31}},"type":"if","locations":[{"start":{"line":153,"column":2},"end":{"line":153,"column":31}},{"start":{},"end":{}}],"line":153},"18":{"loc":{"start":{"line":157,"column":4},"end":{"line":159,"column":5}},"type":"if","locations":[{"start":{"line":157,"column":4},"end":{"line":159,"column":5}},{"start":{},"end":{}}],"line":157},"19":{"loc":{"start":{"line":172,"column":2},"end":{"line":172,"column":28}},"type":"if","locations":[{"start":{"line":172,"column":2},"end":{"line":172,"column":28}},{"start":{},"end":{}}],"line":172},"20":{"loc":{"start":{"line":175,"column":4},"end":{"line":177,"column":5}},"type":"if","locations":[{"start":{"line":175,"column":4},"end":{"line":177,"column":5}},{"start":{},"end":{}}],"line":175}},"s":{"0":1,"1":1,"2":1,"3":5,"4":1,"5":1,"6":1,"7":1,"8":1,"9":9,"10":9,"11":0,"12":1,"13":11,"14":1,"15":10,"16":70,"17":0,"18":70,"19":0,"20":70,"21":10,"22":1,"23":10,"24":10,"25":10,"26":10,"27":0,"28":1,"29":39,"30":39,"31":0,"32":39,"33":39,"34":39,"35":2,"36":37,"37":2,"38":1,"39":25,"40":25,"41":14,"42":11,"43":2,"44":4,"45":9,"46":7,"47":7,"48":15,"49":15,"50":1,"51":6,"52":2,"53":2,"54":1,"55":5,"56":0,"57":5,"58":5,"59":5,"60":1,"61":4,"62":1,"63":5,"64":0,"65":5,"66":5,"67":1,"68":4,"69":1},"f":{"0":5,"1":1,"2":1,"3":9,"4":11,"5":10,"6":10,"7":39,"8":25,"9":4,"10":5,"11":5},"b":{"0":[9,0],"1":[9,9],"2":[1,10],"3":[11,11],"4":[0,70],"5":[70,70],"6":[0,70],"7":[70,10],"8":[10,60],"9":[0,10],"10":[0,39],"11":[2,37],"12":[39,39],"13":[14,11],"14":[2,9],"15":[7,2],"16":[9,7],"17":[0,5],"18":[1,4],"19":[0,5],"20":[1,4]},"_coverageSchema":"1a1c01bbd47fc00a2c39e90264f33305004495a9","hash":"d4cebc5880c0428d26bdc57a4e0c9b3915d427e6"}
,"/Users/blake/work/npm-mock-server/src/lib/server.js": {"path":"/Users/blake/work/npm-mock-server/src/lib/server.js","statementMap":{"0":{"start":{"line":5,"column":16},"end":{"line":5,"column":34}},"1":{"start":{"line":6,"column":17},"end":{"line":6,"column":36}},"2":{"start":{"line":7,"column":11},"end":{"line":7,"column":33}},"3":{"start":{"line":8,"column":0},"end":{"line":8,"column":27}},"4":{"start":{"line":15,"column":4},"end":{"line":15,"column":29}},"5":{"start":{"line":18,"column":0},"end":{"line":18,"column":28}},"6":{"start":{"line":24,"column":20},"end":{"line":30,"column":2}},"7":{"start":{"line":24,"column":27},"end":{"line":30,"column":1}},"8":{"start":{"line":36,"column":12},"end":{"line":38,"column":1}},"9":{"start":{"line":37,"column":2},"end":{"line":37,"column":23}},"10":{"start":{"line":46,"column":19},"end":{"line":63,"column":1}},"11":{"start":{"line":47,"column":2},"end":{"line":62,"column":3}},"12":{"start":{"line":48,"column":26},"end":{"line":48,"column":63}},"13":{"start":{"line":49,"column":4},"end":{"line":56,"column":5}},"14":{"start":{"line":50,"column":21},"end":{"line":50,"column":46}},"15":{"start":{"line":51,"column":6},"end":{"line":51,"column":29}},"16":{"start":{"line":52,"column":6},"end":{"line":52,"column":40}},"17":{"start":{"line":53,"column":6},"end":{"line":53,"column":20}},"18":{"start":{"line":55,"column":6},"end":{"line":55,"column":53}},"19":{"start":{"line":58,"column":4},"end":{"line":60,"column":5}},"20":{"start":{"line":59,"column":6},"end":{"line":59,"column":62}},"21":{"start":{"line":61,"column":4},"end":{"line":61,"column":16}},"22":{"start":{"line":71,"column":24},"end":{"line":119,"column":1}},"23":{"start":{"line":73,"column":2},"end":{"line":78,"column":5}},"24":{"start":{"line":74,"column":4},"end":{"line":74,"column":31}},"25":{"start":{"line":76,"column":4},"end":{"line":76,"column":41}},"26":{"start":{"line":77,"column":4},"end":{"line":77,"column":11}},"27":{"start":{"line":81,"column":2},"end":{"line":87,"column":5}},"28":{"start":{"line":82,"column":4},"end":{"line":85,"column":5}},"29":{"start":{"line":83,"column":6},"end":{"line":83,"column":65}},"30":{"start":{"line":84,"column":6},"end":{"line":84,"column":13}},"31":{"start":{"line":86,"column":4},"end":{"line":86,"column":11}},"32":{"start":{"line":90,"column":2},"end":{"line":104,"column":3}},"33":{"start":{"line":91,"column":4},"end":{"line":103,"column":7}},"34":{"start":{"line":92,"column":6},"end":{"line":101,"column":7}},"35":{"start":{"line":93,"column":8},"end":{"line":100,"column":9}},"36":{"start":{"line":94,"column":10},"end":{"line":97,"column":14}},"37":{"start":{"line":99,"column":10},"end":{"line":99,"column":76}},"38":{"start":{"line":102,"column":6},"end":{"line":102,"column":13}},"39":{"start":{"line":107,"column":2},"end":{"line":112,"column":5}},"40":{"start":{"line":108,"column":4},"end":{"line":108,"column":49}},"41":{"start":{"line":109,"column":4},"end":{"line":109,"column":39}},"42":{"start":{"line":110,"column":4},"end":{"line":110,"column":49}},"43":{"start":{"line":111,"column":4},"end":{"line":111,"column":11}},"44":{"start":{"line":115,"column":2},"end":{"line":118,"column":5}},"45":{"start":{"line":116,"column":4},"end":{"line":116,"column":40}},"46":{"start":{"line":117,"column":4},"end":{"line":117,"column":61}},"47":{"start":{"line":126,"column":20},"end":{"line":201,"column":1}},"48":{"start":{"line":128,"column":2},"end":{"line":195,"column":3}},"49":{"start":{"line":129,"column":4},"end":{"line":194,"column":7}},"50":{"start":{"line":130,"column":6},"end":{"line":193,"column":7}},"51":{"start":{"line":132,"column":8},"end":{"line":139,"column":9}},"52":{"start":{"line":133,"column":10},"end":{"line":136,"column":11}},"53":{"start":{"line":134,"column":12},"end":{"line":134,"column":37}},"54":{"start":{"line":135,"column":12},"end":{"line":135,"column":19}},"55":{"start":{"line":137,"column":10},"end":{"line":137,"column":64}},"56":{"start":{"line":138,"column":10},"end":{"line":138,"column":17}},"57":{"start":{"line":142,"column":8},"end":{"line":161,"column":9}},"58":{"start":{"line":143,"column":10},"end":{"line":160,"column":11}},"59":{"start":{"line":144,"column":12},"end":{"line":159,"column":13}},"60":{"start":{"line":146,"column":41},"end":{"line":152,"column":15}},"61":{"start":{"line":154,"column":14},"end":{"line":154,"column":74}},"62":{"start":{"line":156,"column":14},"end":{"line":156,"column":73}},"63":{"start":{"line":157,"column":14},"end":{"line":157,"column":71}},"64":{"start":{"line":158,"column":14},"end":{"line":158,"column":21}},"65":{"start":{"line":164,"column":8},"end":{"line":167,"column":9}},"66":{"start":{"line":165,"column":10},"end":{"line":165,"column":101}},"67":{"start":{"line":166,"column":10},"end":{"line":166,"column":17}},"68":{"start":{"line":170,"column":8},"end":{"line":172,"column":9}},"69":{"start":{"line":171,"column":10},"end":{"line":171,"column":73}},"70":{"start":{"line":171,"column":39},"end":{"line":171,"column":71}},"71":{"start":{"line":175,"column":29},"end":{"line":181,"column":9}},"72":{"start":{"line":183,"column":8},"end":{"line":189,"column":9}},"73":{"start":{"line":184,"column":27},"end":{"line":184,"column":76}},"74":{"start":{"line":185,"column":10},"end":{"line":185,"column":29}},"75":{"start":{"line":187,"column":10},"end":{"line":187,"column":61}},"76":{"start":{"line":188,"column":10},"end":{"line":188,"column":67}},"77":{"start":{"line":191,"column":8},"end":{"line":191,"column":70}},"78":{"start":{"line":192,"column":8},"end":{"line":192,"column":65}},"79":{"start":{"line":198,"column":2},"end":{"line":200,"column":5}},"80":{"start":{"line":199,"column":4},"end":{"line":199,"column":49}},"81":{"start":{"line":207,"column":25},"end":{"line":227,"column":1}},"82":{"start":{"line":208,"column":2},"end":{"line":208,"column":43}},"83":{"start":{"line":209,"column":2},"end":{"line":209,"column":30}},"84":{"start":{"line":211,"column":2},"end":{"line":226,"column":3}},"85":{"start":{"line":212,"column":4},"end":{"line":219,"column":7}},"86":{"start":{"line":213,"column":6},"end":{"line":213,"column":27}},"87":{"start":{"line":214,"column":6},"end":{"line":218,"column":7}},"88":{"start":{"line":215,"column":8},"end":{"line":215,"column":37}},"89":{"start":{"line":217,"column":8},"end":{"line":217,"column":24}},"90":{"start":{"line":222,"column":4},"end":{"line":225,"column":14}},"91":{"start":{"line":223,"column":6},"end":{"line":223,"column":85}},"92":{"start":{"line":224,"column":6},"end":{"line":224,"column":22}},"93":{"start":{"line":238,"column":20},"end":{"line":283,"column":1}},"94":{"start":{"line":239,"column":2},"end":{"line":282,"column":3}},"95":{"start":{"line":241,"column":4},"end":{"line":241,"column":48}},"96":{"start":{"line":244,"column":4},"end":{"line":244,"column":46}},"97":{"start":{"line":245,"column":4},"end":{"line":245,"column":35}},"98":{"start":{"line":247,"column":4},"end":{"line":278,"column":7}},"99":{"start":{"line":248,"column":6},"end":{"line":251,"column":9}},"100":{"start":{"line":249,"column":8},"end":{"line":249,"column":51}},"101":{"start":{"line":250,"column":8},"end":{"line":250,"column":18}},"102":{"start":{"line":253,"column":6},"end":{"line":257,"column":9}},"103":{"start":{"line":254,"column":8},"end":{"line":254,"column":46}},"104":{"start":{"line":255,"column":8},"end":{"line":255,"column":32}},"105":{"start":{"line":256,"column":8},"end":{"line":256,"column":22}},"106":{"start":{"line":260,"column":6},"end":{"line":277,"column":7}},"107":{"start":{"line":261,"column":8},"end":{"line":261,"column":51}},"108":{"start":{"line":262,"column":8},"end":{"line":276,"column":11}},"109":{"start":{"line":263,"column":10},"end":{"line":275,"column":11}},"110":{"start":{"line":264,"column":12},"end":{"line":264,"column":48}},"111":{"start":{"line":265,"column":12},"end":{"line":265,"column":56}},"112":{"start":{"line":268,"column":12},"end":{"line":268,"column":80}},"113":{"start":{"line":268,"column":66},"end":{"line":268,"column":78}},"114":{"start":{"line":269,"column":12},"end":{"line":269,"column":54}},"115":{"start":{"line":270,"column":12},"end":{"line":270,"column":43}},"116":{"start":{"line":272,"column":12},"end":{"line":272,"column":48}},"117":{"start":{"line":274,"column":12},"end":{"line":274,"column":60}},"118":{"start":{"line":280,"column":4},"end":{"line":280,"column":52}},"119":{"start":{"line":281,"column":4},"end":{"line":281,"column":16}},"120":{"start":{"line":290,"column":19},"end":{"line":305,"column":1}},"121":{"start":{"line":291,"column":2},"end":{"line":304,"column":3}},"122":{"start":{"line":292,"column":4},"end":{"line":295,"column":5}},"123":{"start":{"line":293,"column":6},"end":{"line":293,"column":42}},"124":{"start":{"line":294,"column":6},"end":{"line":294,"column":35}},"125":{"start":{"line":297,"column":4},"end":{"line":300,"column":5}},"126":{"start":{"line":298,"column":6},"end":{"line":298,"column":34}},"127":{"start":{"line":299,"column":6},"end":{"line":299,"column":27}},"128":{"start":{"line":302,"column":4},"end":{"line":302,"column":62}},"129":{"start":{"line":302,"column":33},"end":{"line":302,"column":60}},"130":{"start":{"line":303,"column":4},"end":{"line":303,"column":24}},"131":{"start":{"line":312,"column":25},"end":{"line":337,"column":1}},"132":{"start":{"line":313,"column":14},"end":{"line":313,"column":23}},"133":{"start":{"line":314,"column":16},"end":{"line":314,"column":29}},"134":{"start":{"line":317,"column":2},"end":{"line":317,"column":26}},"135":{"start":{"line":318,"column":2},"end":{"line":318,"column":50}},"136":{"start":{"line":321,"column":24},"end":{"line":321,"column":53}},"137":{"start":{"line":321,"column":30},"end":{"line":321,"column":53}},"138":{"start":{"line":322,"column":23},"end":{"line":322,"column":52}},"139":{"start":{"line":322,"column":29},"end":{"line":322,"column":52}},"140":{"start":{"line":325,"column":2},"end":{"line":325,"column":39}},"141":{"start":{"line":326,"column":2},"end":{"line":326,"column":37}},"142":{"start":{"line":328,"column":2},"end":{"line":336,"column":4}},"143":{"start":{"line":329,"column":28},"end":{"line":329,"column":69}},"144":{"start":{"line":331,"column":6},"end":{"line":331,"column":30}},"145":{"start":{"line":333,"column":6},"end":{"line":333,"column":55}},"146":{"start":{"line":334,"column":6},"end":{"line":334,"column":53}},"147":{"start":{"line":339,"column":0},"end":{"line":339,"column":34}}},"fnMap":{"0":{"name":"(anonymous_0)","decl":{"start":{"line":24,"column":20},"end":{"line":24,"column":21}},"loc":{"start":{"line":24,"column":27},"end":{"line":30,"column":1}},"line":24},"1":{"name":"(anonymous_1)","decl":{"start":{"line":36,"column":12},"end":{"line":36,"column":13}},"loc":{"start":{"line":36,"column":25},"end":{"line":38,"column":1}},"line":36},"2":{"name":"(anonymous_2)","decl":{"start":{"line":46,"column":19},"end":{"line":46,"column":20}},"loc":{"start":{"line":46,"column":41},"end":{"line":63,"column":1}},"line":46},"3":{"name":"(anonymous_3)","decl":{"start":{"line":71,"column":24},"end":{"line":71,"column":25}},"loc":{"start":{"line":71,"column":48},"end":{"line":119,"column":1}},"line":71},"4":{"name":"(anonymous_4)","decl":{"start":{"line":73,"column":10},"end":{"line":73,"column":11}},"loc":{"start":{"line":73,"column":30},"end":{"line":78,"column":3}},"line":73},"5":{"name":"(anonymous_5)","decl":{"start":{"line":81,"column":10},"end":{"line":81,"column":11}},"loc":{"start":{"line":81,"column":30},"end":{"line":87,"column":3}},"line":81},"6":{"name":"(anonymous_6)","decl":{"start":{"line":91,"column":12},"end":{"line":91,"column":13}},"loc":{"start":{"line":91,"column":32},"end":{"line":103,"column":5}},"line":91},"7":{"name":"(anonymous_7)","decl":{"start":{"line":107,"column":10},"end":{"line":107,"column":11}},"loc":{"start":{"line":107,"column":30},"end":{"line":112,"column":3}},"line":107},"8":{"name":"(anonymous_8)","decl":{"start":{"line":115,"column":10},"end":{"line":115,"column":11}},"loc":{"start":{"line":115,"column":36},"end":{"line":118,"column":3}},"line":115},"9":{"name":"(anonymous_9)","decl":{"start":{"line":126,"column":20},"end":{"line":126,"column":21}},"loc":{"start":{"line":126,"column":37},"end":{"line":201,"column":1}},"line":126},"10":{"name":"(anonymous_10)","decl":{"start":{"line":129,"column":48},"end":{"line":129,"column":49}},"loc":{"start":{"line":129,"column":68},"end":{"line":194,"column":5}},"line":129},"11":{"name":"(anonymous_11)","decl":{"start":{"line":171,"column":28},"end":{"line":171,"column":29}},"loc":{"start":{"line":171,"column":39},"end":{"line":171,"column":71}},"line":171},"12":{"name":"(anonymous_12)","decl":{"start":{"line":198,"column":10},"end":{"line":198,"column":11}},"loc":{"start":{"line":198,"column":24},"end":{"line":200,"column":3}},"line":198},"13":{"name":"(anonymous_13)","decl":{"start":{"line":207,"column":25},"end":{"line":207,"column":26}},"loc":{"start":{"line":207,"column":36},"end":{"line":227,"column":1}},"line":207},"14":{"name":"(anonymous_14)","decl":{"start":{"line":212,"column":23},"end":{"line":212,"column":24}},"loc":{"start":{"line":212,"column":29},"end":{"line":219,"column":5}},"line":212},"15":{"name":"(anonymous_15)","decl":{"start":{"line":222,"column":39},"end":{"line":222,"column":40}},"loc":{"start":{"line":222,"column":45},"end":{"line":225,"column":5}},"line":222},"16":{"name":"(anonymous_16)","decl":{"start":{"line":238,"column":20},"end":{"line":238,"column":21}},"loc":{"start":{"line":238,"column":67},"end":{"line":283,"column":1}},"line":238},"17":{"name":"(anonymous_17)","decl":{"start":{"line":247,"column":23},"end":{"line":247,"column":24}},"loc":{"start":{"line":247,"column":44},"end":{"line":278,"column":5}},"line":247},"18":{"name":"(anonymous_18)","decl":{"start":{"line":248,"column":38},"end":{"line":248,"column":39}},"loc":{"start":{"line":248,"column":44},"end":{"line":251,"column":7}},"line":248},"19":{"name":"(anonymous_19)","decl":{"start":{"line":253,"column":31},"end":{"line":253,"column":32}},"loc":{"start":{"line":253,"column":42},"end":{"line":257,"column":7}},"line":253},"20":{"name":"(anonymous_20)","decl":{"start":{"line":262,"column":35},"end":{"line":262,"column":36}},"loc":{"start":{"line":262,"column":47},"end":{"line":276,"column":9}},"line":262},"21":{"name":"(anonymous_21)","decl":{"start":{"line":268,"column":57},"end":{"line":268,"column":58}},"loc":{"start":{"line":268,"column":66},"end":{"line":268,"column":78}},"line":268},"22":{"name":"(anonymous_22)","decl":{"start":{"line":290,"column":19},"end":{"line":290,"column":20}},"loc":{"start":{"line":290,"column":36},"end":{"line":305,"column":1}},"line":290},"23":{"name":"(anonymous_23)","decl":{"start":{"line":302,"column":22},"end":{"line":302,"column":23}},"loc":{"start":{"line":302,"column":33},"end":{"line":302,"column":60}},"line":302},"24":{"name":"(anonymous_24)","decl":{"start":{"line":312,"column":25},"end":{"line":312,"column":26}},"loc":{"start":{"line":312,"column":41},"end":{"line":337,"column":1}},"line":312},"25":{"name":"(anonymous_25)","decl":{"start":{"line":321,"column":24},"end":{"line":321,"column":25}},"loc":{"start":{"line":321,"column":30},"end":{"line":321,"column":53}},"line":321},"26":{"name":"(anonymous_26)","decl":{"start":{"line":322,"column":23},"end":{"line":322,"column":24}},"loc":{"start":{"line":322,"column":29},"end":{"line":322,"column":52}},"line":322},"27":{"name":"(anonymous_27)","decl":{"start":{"line":329,"column":11},"end":{"line":329,"column":12}},"loc":{"start":{"line":329,"column":28},"end":{"line":329,"column":69}},"line":329},"28":{"name":"(anonymous_28)","decl":{"start":{"line":330,"column":10},"end":{"line":330,"column":11}},"loc":{"start":{"line":330,"column":22},"end":{"line":335,"column":5}},"line":330}},"branchMap":{"0":{"loc":{"start":{"line":58,"column":4},"end":{"line":60,"column":5}},"type":"if","locations":[{"start":{"line":58,"column":4},"end":{"line":60,"column":5}},{"start":{},"end":{}}],"line":58},"1":{"loc":{"start":{"line":82,"column":4},"end":{"line":85,"column":5}},"type":"if","locations":[{"start":{"line":82,"column":4},"end":{"line":85,"column":5}},{"start":{},"end":{}}],"line":82},"2":{"loc":{"start":{"line":90,"column":2},"end":{"line":104,"column":3}},"type":"if","locations":[{"start":{"line":90,"column":2},"end":{"line":104,"column":3}},{"start":{},"end":{}}],"line":90},"3":{"loc":{"start":{"line":90,"column":6},"end":{"line":90,"column":46}},"type":"binary-expr","locations":[{"start":{"line":90,"column":6},"end":{"line":90,"column":20}},{"start":{"line":90,"column":24},"end":{"line":90,"column":46}}],"line":90},"4":{"loc":{"start":{"line":132,"column":8},"end":{"line":139,"column":9}},"type":"if","locations":[{"start":{"line":132,"column":8},"end":{"line":139,"column":9}},{"start":{},"end":{}}],"line":132},"5":{"loc":{"start":{"line":132,"column":12},"end":{"line":132,"column":71}},"type":"binary-expr","locations":[{"start":{"line":132,"column":12},"end":{"line":132,"column":28}},{"start":{"line":132,"column":32},"end":{"line":132,"column":71}}],"line":132},"6":{"loc":{"start":{"line":133,"column":10},"end":{"line":136,"column":11}},"type":"if","locations":[{"start":{"line":133,"column":10},"end":{"line":136,"column":11}},{"start":{},"end":{}}],"line":133},"7":{"loc":{"start":{"line":142,"column":8},"end":{"line":161,"column":9}},"type":"if","locations":[{"start":{"line":142,"column":8},"end":{"line":161,"column":9}},{"start":{},"end":{}}],"line":142},"8":{"loc":{"start":{"line":164,"column":8},"end":{"line":167,"column":9}},"type":"if","locations":[{"start":{"line":164,"column":8},"end":{"line":167,"column":9}},{"start":{},"end":{}}],"line":164},"9":{"loc":{"start":{"line":165,"column":52},"end":{"line":165,"column":97}},"type":"binary-expr","locations":[{"start":{"line":165,"column":52},"end":{"line":165,"column":70}},{"start":{"line":165,"column":74},"end":{"line":165,"column":97}}],"line":165},"10":{"loc":{"start":{"line":170,"column":8},"end":{"line":172,"column":9}},"type":"if","locations":[{"start":{"line":170,"column":8},"end":{"line":172,"column":9}},{"start":{},"end":{}}],"line":170},"11":{"loc":{"start":{"line":211,"column":2},"end":{"line":226,"column":3}},"type":"if","locations":[{"start":{"line":211,"column":2},"end":{"line":226,"column":3}},{"start":{},"end":{}}],"line":211},"12":{"loc":{"start":{"line":214,"column":6},"end":{"line":218,"column":7}},"type":"if","locations":[{"start":{"line":214,"column":6},"end":{"line":218,"column":7}},{"start":{"line":216,"column":13},"end":{"line":218,"column":7}}],"line":214},"13":{"loc":{"start":{"line":238,"column":51},"end":{"line":238,"column":62}},"type":"default-arg","locations":[{"start":{"line":238,"column":58},"end":{"line":238,"column":62}}],"line":238},"14":{"loc":{"start":{"line":260,"column":6},"end":{"line":277,"column":7}},"type":"if","locations":[{"start":{"line":260,"column":6},"end":{"line":277,"column":7}},{"start":{},"end":{}}],"line":260},"15":{"loc":{"start":{"line":291,"column":2},"end":{"line":304,"column":3}},"type":"if","locations":[{"start":{"line":291,"column":2},"end":{"line":304,"column":3}},{"start":{},"end":{}}],"line":291},"16":{"loc":{"start":{"line":292,"column":4},"end":{"line":295,"column":5}},"type":"if","locations":[{"start":{"line":292,"column":4},"end":{"line":295,"column":5}},{"start":{},"end":{}}],"line":292},"17":{"loc":{"start":{"line":297,"column":4},"end":{"line":300,"column":5}},"type":"if","locations":[{"start":{"line":297,"column":4},"end":{"line":300,"column":5}},{"start":{},"end":{}}],"line":297},"18":{"loc":{"start":{"line":329,"column":12},"end":{"line":329,"column":23}},"type":"default-arg","locations":[{"start":{"line":329,"column":19},"end":{"line":329,"column":23}}],"line":329}},"s":{"0":1,"1":1,"2":1,"3":1,"4":1,"5":1,"6":1,"7":27,"8":1,"9":23,"10":1,"11":12,"12":12,"13":11,"14":11,"15":10,"16":9,"17":9,"18":2,"19":3,"20":1,"21":2,"22":1,"23":9,"24":9,"25":9,"26":9,"27":9,"28":9,"29":0,"30":0,"31":9,"32":9,"33":9,"34":9,"35":18,"36":18,"37":0,"38":9,"39":9,"40":9,"41":9,"42":9,"43":9,"44":9,"45":0,"46":0,"47":1,"48":9,"49":63,"50":8,"51":8,"52":1,"53":1,"54":1,"55":0,"56":0,"57":7,"58":1,"59":2,"60":2,"61":2,"62":0,"63":0,"64":0,"65":7,"66":1,"67":1,"68":6,"69":1,"70":1,"71":6,"72":6,"73":6,"74":5,"75":1,"76":1,"77":0,"78":0,"79":9,"80":1,"81":1,"82":1,"83":1,"84":1,"85":0,"86":0,"87":0,"88":0,"89":0,"90":0,"91":0,"92":0,"93":1,"94":12,"95":12,"96":9,"97":9,"98":9,"99":9,"100":9,"101":9,"102":9,"103":0,"104":0,"105":0,"106":9,"107":0,"108":0,"109":0,"110":0,"111":0,"112":0,"113":0,"114":0,"115":0,"116":0,"117":0,"118":3,"119":3,"120":1,"121":25,"122":8,"123":0,"124":0,"125":8,"126":0,"127":0,"128":8,"129":8,"130":8,"131":1,"132":27,"133":27,"134":27,"135":27,"136":27,"137":0,"138":27,"139":1,"140":27,"141":27,"142":27,"143":12,"144":25,"145":25,"146":25,"147":1},"f":{"0":27,"1":23,"2":12,"3":9,"4":9,"5":9,"6":9,"7":9,"8":0,"9":9,"10":8,"11":1,"12":1,"13":1,"14":0,"15":0,"16":12,"17":9,"18":9,"19":0,"20":0,"21":0,"22":25,"23":8,"24":27,"25":0,"26":1,"27":12,"28":25},"b":{"0":[1,2],"1":[0,9],"2":[9,0],"3":[9,9],"4":[1,7],"5":[8,2],"6":[1,0],"7":[1,6],"8":[1,6],"9":[1,0],"10":[1,5],"11":[0,1],"12":[0,0],"13":[0],"14":[0,9],"15":[8,17],"16":[0,8],"17":[0,8],"18":[0]},"_coverageSchema":"1a1c01bbd47fc00a2c39e90264f33305004495a9","hash":"dd5df9b1b9cf1c3f68bc4ef4bdb849112c3337b5"}
}
