{"/Users/blake/work/npm-mock-server/src/lib/server-utils.js": {"path":"/Users/blake/work/npm-mock-server/src/lib/server-utils.js","statementMap":{"0":{"start":{"line":5,"column":19},"end":{"line":5,"column":40}},"1":{"start":{"line":6,"column":23},"end":{"line":6,"column":38}},"2":{"start":{"line":13,"column":12},"end":{"line":20,"column":1}},"3":{"start":{"line":15,"column":25},"end":{"line":15,"column":83}},"4":{"start":{"line":16,"column":2},"end":{"line":19,"column":3}},"5":{"start":{"line":18,"column":4},"end":{"line":18,"column":25}},"6":{"start":{"line":27,"column":0},"end":{"line":29,"column":3}},"7":{"start":{"line":28,"column":2},"end":{"line":28,"column":34}},"8":{"start":{"line":37,"column":0},"end":{"line":39,"column":3}},"9":{"start":{"line":38,"column":2},"end":{"line":38,"column":59}},"10":{"start":{"line":45,"column":0},"end":{"line":47,"column":3}},"11":{"start":{"line":46,"column":2},"end":{"line":46,"column":18}},"12":{"start":{"line":54,"column":0},"end":{"line":62,"column":3}},"13":{"start":{"line":56,"column":2},"end":{"line":58,"column":3}},"14":{"start":{"line":57,"column":4},"end":{"line":57,"column":39}},"15":{"start":{"line":61,"column":2},"end":{"line":61,"column":11}},"16":{"start":{"line":72,"column":27},"end":{"line":79,"column":1}},"17":{"start":{"line":73,"column":22},"end":{"line":73,"column":50}},"18":{"start":{"line":74,"column":24},"end":{"line":74,"column":93}},"19":{"start":{"line":74,"column":64},"end":{"line":74,"column":92}},"20":{"start":{"line":76,"column":2},"end":{"line":78,"column":3}},"21":{"start":{"line":77,"column":4},"end":{"line":77,"column":77}},"22":{"start":{"line":86,"column":28},"end":{"line":128,"column":1}},"23":{"start":{"line":88,"column":22},"end":{"line":91,"column":3}},"24":{"start":{"line":94,"column":19},"end":{"line":94,"column":43}},"25":{"start":{"line":95,"column":24},"end":{"line":95,"column":74}},"26":{"start":{"line":95,"column":47},"end":{"line":95,"column":73}},"27":{"start":{"line":97,"column":2},"end":{"line":99,"column":3}},"28":{"start":{"line":98,"column":4},"end":{"line":98,"column":86}},"29":{"start":{"line":102,"column":2},"end":{"line":104,"column":3}},"30":{"start":{"line":103,"column":4},"end":{"line":103,"column":76}},"31":{"start":{"line":106,"column":2},"end":{"line":108,"column":3}},"32":{"start":{"line":107,"column":4},"end":{"line":107,"column":83}},"33":{"start":{"line":110,"column":2},"end":{"line":112,"column":3}},"34":{"start":{"line":111,"column":4},"end":{"line":111,"column":83}},"35":{"start":{"line":114,"column":2},"end":{"line":116,"column":3}},"36":{"start":{"line":115,"column":4},"end":{"line":115,"column":52}},"37":{"start":{"line":118,"column":2},"end":{"line":120,"column":3}},"38":{"start":{"line":119,"column":4},"end":{"line":119,"column":58}},"39":{"start":{"line":122,"column":2},"end":{"line":127,"column":3}},"40":{"start":{"line":126,"column":4},"end":{"line":126,"column":86}},"41":{"start":{"line":139,"column":23},"end":{"line":169,"column":1}},"42":{"start":{"line":140,"column":2},"end":{"line":142,"column":3}},"43":{"start":{"line":141,"column":4},"end":{"line":141,"column":57}},"44":{"start":{"line":145,"column":2},"end":{"line":147,"column":3}},"45":{"start":{"line":146,"column":4},"end":{"line":146,"column":45}},"46":{"start":{"line":150,"column":2},"end":{"line":168,"column":3}},"47":{"start":{"line":151,"column":4},"end":{"line":153,"column":5}},"48":{"start":{"line":152,"column":6},"end":{"line":152,"column":64}},"49":{"start":{"line":155,"column":4},"end":{"line":157,"column":5}},"50":{"start":{"line":156,"column":6},"end":{"line":156,"column":43}},"51":{"start":{"line":159,"column":4},"end":{"line":163,"column":5}},"52":{"start":{"line":160,"column":6},"end":{"line":162,"column":7}},"53":{"start":{"line":161,"column":8},"end":{"line":161,"column":86}},"54":{"start":{"line":165,"column":4},"end":{"line":167,"column":5}},"55":{"start":{"line":166,"column":6},"end":{"line":166,"column":61}},"56":{"start":{"line":178,"column":24},"end":{"line":201,"column":1}},"57":{"start":{"line":179,"column":2},"end":{"line":200,"column":3}},"58":{"start":{"line":181,"column":4},"end":{"line":183,"column":5}},"59":{"start":{"line":182,"column":6},"end":{"line":182,"column":34}},"60":{"start":{"line":186,"column":31},"end":{"line":190,"column":5}},"61":{"start":{"line":187,"column":22},"end":{"line":187,"column":32}},"62":{"start":{"line":188,"column":24},"end":{"line":188,"column":49}},"63":{"start":{"line":189,"column":6},"end":{"line":189,"column":33}},"64":{"start":{"line":192,"column":23},"end":{"line":192,"column":44}},"65":{"start":{"line":193,"column":4},"end":{"line":193,"column":66}},"66":{"start":{"line":195,"column":21},"end":{"line":195,"column":65}},"67":{"start":{"line":196,"column":4},"end":{"line":196,"column":38}},"68":{"start":{"line":198,"column":4},"end":{"line":198,"column":55}},"69":{"start":{"line":199,"column":4},"end":{"line":199,"column":49}},"70":{"start":{"line":210,"column":28},"end":{"line":238,"column":1}},"71":{"start":{"line":211,"column":2},"end":{"line":237,"column":3}},"72":{"start":{"line":212,"column":4},"end":{"line":214,"column":5}},"73":{"start":{"line":213,"column":6},"end":{"line":213,"column":41}},"74":{"start":{"line":216,"column":4},"end":{"line":218,"column":5}},"75":{"start":{"line":217,"column":6},"end":{"line":217,"column":63}},"76":{"start":{"line":217,"column":30},"end":{"line":217,"column":61}},"77":{"start":{"line":220,"column":4},"end":{"line":231,"column":5}},"78":{"start":{"line":221,"column":21},"end":{"line":221,"column":23}},"79":{"start":{"line":222,"column":6},"end":{"line":229,"column":7}},"80":{"start":{"line":223,"column":8},"end":{"line":228,"column":9}},"81":{"start":{"line":224,"column":10},"end":{"line":224,"column":57}},"82":{"start":{"line":226,"column":10},"end":{"line":226,"column":69}},"83":{"start":{"line":227,"column":10},"end":{"line":227,"column":22}},"84":{"start":{"line":230,"column":6},"end":{"line":230,"column":20}},"85":{"start":{"line":233,"column":4},"end":{"line":233,"column":16}},"86":{"start":{"line":235,"column":4},"end":{"line":235,"column":66}},"87":{"start":{"line":236,"column":4},"end":{"line":236,"column":67}},"88":{"start":{"line":246,"column":24},"end":{"line":257,"column":1}},"89":{"start":{"line":247,"column":2},"end":{"line":247,"column":31}},"90":{"start":{"line":247,"column":19},"end":{"line":247,"column":31}},"91":{"start":{"line":249,"column":2},"end":{"line":254,"column":3}},"92":{"start":{"line":250,"column":25},"end":{"line":250,"column":35}},"93":{"start":{"line":251,"column":4},"end":{"line":253,"column":5}},"94":{"start":{"line":252,"column":6},"end":{"line":252,"column":19}},"95":{"start":{"line":256,"column":2},"end":{"line":256,"column":14}},"96":{"start":{"line":265,"column":20},"end":{"line":294,"column":1}},"97":{"start":{"line":266,"column":2},"end":{"line":266,"column":28}},"98":{"start":{"line":266,"column":15},"end":{"line":266,"column":28}},"99":{"start":{"line":268,"column":2},"end":{"line":291,"column":3}},"100":{"start":{"line":270,"column":4},"end":{"line":276,"column":5}},"101":{"start":{"line":272,"column":6},"end":{"line":274,"column":7}},"102":{"start":{"line":273,"column":8},"end":{"line":273,"column":21}},"103":{"start":{"line":275,"column":6},"end":{"line":275,"column":15}},"104":{"start":{"line":279,"column":4},"end":{"line":285,"column":5}},"105":{"start":{"line":280,"column":28},"end":{"line":280,"column":75}},"106":{"start":{"line":280,"column":48},"end":{"line":280,"column":74}},"107":{"start":{"line":281,"column":6},"end":{"line":283,"column":7}},"108":{"start":{"line":282,"column":8},"end":{"line":282,"column":21}},"109":{"start":{"line":284,"column":6},"end":{"line":284,"column":15}},"110":{"start":{"line":288,"column":4},"end":{"line":290,"column":5}},"111":{"start":{"line":289,"column":6},"end":{"line":289,"column":19}},"112":{"start":{"line":293,"column":2},"end":{"line":293,"column":14}},"113":{"start":{"line":296,"column":0},"end":{"line":303,"column":2}}},"fnMap":{"0":{"name":"(anonymous_0)","decl":{"start":{"line":13,"column":12},"end":{"line":13,"column":13}},"loc":{"start":{"line":13,"column":40},"end":{"line":20,"column":1}},"line":13},"1":{"name":"(anonymous_1)","decl":{"start":{"line":27,"column":33},"end":{"line":27,"column":34}},"loc":{"start":{"line":27,"column":44},"end":{"line":29,"column":1}},"line":27},"2":{"name":"(anonymous_2)","decl":{"start":{"line":37,"column":36},"end":{"line":37,"column":37}},"loc":{"start":{"line":37,"column":55},"end":{"line":39,"column":1}},"line":37},"3":{"name":"(anonymous_3)","decl":{"start":{"line":45,"column":34},"end":{"line":45,"column":35}},"loc":{"start":{"line":45,"column":45},"end":{"line":47,"column":1}},"line":45},"4":{"name":"(anonymous_4)","decl":{"start":{"line":54,"column":42},"end":{"line":54,"column":43}},"loc":{"start":{"line":54,"column":53},"end":{"line":62,"column":1}},"line":54},"5":{"name":"(anonymous_5)","decl":{"start":{"line":72,"column":27},"end":{"line":72,"column":28}},"loc":{"start":{"line":72,"column":43},"end":{"line":79,"column":1}},"line":72},"6":{"name":"(anonymous_6)","decl":{"start":{"line":74,"column":55},"end":{"line":74,"column":56}},"loc":{"start":{"line":74,"column":64},"end":{"line":74,"column":92}},"line":74},"7":{"name":"(anonymous_7)","decl":{"start":{"line":86,"column":28},"end":{"line":86,"column":29}},"loc":{"start":{"line":86,"column":45},"end":{"line":128,"column":1}},"line":86},"8":{"name":"(anonymous_8)","decl":{"start":{"line":95,"column":40},"end":{"line":95,"column":41}},"loc":{"start":{"line":95,"column":47},"end":{"line":95,"column":73}},"line":95},"9":{"name":"(anonymous_9)","decl":{"start":{"line":139,"column":23},"end":{"line":139,"column":24}},"loc":{"start":{"line":139,"column":35},"end":{"line":169,"column":1}},"line":139},"10":{"name":"(anonymous_10)","decl":{"start":{"line":178,"column":24},"end":{"line":178,"column":25}},"loc":{"start":{"line":178,"column":49},"end":{"line":201,"column":1}},"line":178},"11":{"name":"(anonymous_11)","decl":{"start":{"line":186,"column":31},"end":{"line":186,"column":32}},"loc":{"start":{"line":186,"column":42},"end":{"line":190,"column":5}},"line":186},"12":{"name":"(anonymous_12)","decl":{"start":{"line":210,"column":28},"end":{"line":210,"column":29}},"loc":{"start":{"line":210,"column":44},"end":{"line":238,"column":1}},"line":210},"13":{"name":"(anonymous_13)","decl":{"start":{"line":217,"column":22},"end":{"line":217,"column":23}},"loc":{"start":{"line":217,"column":30},"end":{"line":217,"column":61}},"line":217},"14":{"name":"(anonymous_14)","decl":{"start":{"line":246,"column":24},"end":{"line":246,"column":25}},"loc":{"start":{"line":246,"column":45},"end":{"line":257,"column":1}},"line":246},"15":{"name":"(anonymous_15)","decl":{"start":{"line":265,"column":20},"end":{"line":265,"column":21}},"loc":{"start":{"line":265,"column":42},"end":{"line":294,"column":1}},"line":265},"16":{"name":"(anonymous_16)","decl":{"start":{"line":280,"column":40},"end":{"line":280,"column":41}},"loc":{"start":{"line":280,"column":48},"end":{"line":280,"column":74}},"line":280}},"branchMap":{"0":{"loc":{"start":{"line":13,"column":22},"end":{"line":13,"column":35}},"type":"default-arg","locations":[{"start":{"line":13,"column":30},"end":{"line":13,"column":35}}],"line":13},"1":{"loc":{"start":{"line":15,"column":25},"end":{"line":15,"column":83}},"type":"binary-expr","locations":[{"start":{"line":15,"column":25},"end":{"line":15,"column":62}},{"start":{"line":15,"column":66},"end":{"line":15,"column":83}}],"line":15},"2":{"loc":{"start":{"line":16,"column":2},"end":{"line":19,"column":3}},"type":"if","locations":[{"start":{"line":16,"column":2},"end":{"line":19,"column":3}},{"start":{},"end":{}}],"line":16},"3":{"loc":{"start":{"line":16,"column":6},"end":{"line":16,"column":30}},"type":"binary-expr","locations":[{"start":{"line":16,"column":6},"end":{"line":16,"column":12}},{"start":{"line":16,"column":16},"end":{"line":16,"column":30}}],"line":16},"4":{"loc":{"start":{"line":56,"column":2},"end":{"line":58,"column":3}},"type":"if","locations":[{"start":{"line":56,"column":2},"end":{"line":58,"column":3}},{"start":{},"end":{}}],"line":56},"5":{"loc":{"start":{"line":56,"column":6},"end":{"line":56,"column":48}},"type":"binary-expr","locations":[{"start":{"line":56,"column":6},"end":{"line":56,"column":10}},{"start":{"line":56,"column":14},"end":{"line":56,"column":48}}],"line":56},"6":{"loc":{"start":{"line":76,"column":2},"end":{"line":78,"column":3}},"type":"if","locations":[{"start":{"line":76,"column":2},"end":{"line":78,"column":3}},{"start":{},"end":{}}],"line":76},"7":{"loc":{"start":{"line":97,"column":2},"end":{"line":99,"column":3}},"type":"if","locations":[{"start":{"line":97,"column":2},"end":{"line":99,"column":3}},{"start":{},"end":{}}],"line":97},"8":{"loc":{"start":{"line":102,"column":2},"end":{"line":104,"column":3}},"type":"if","locations":[{"start":{"line":102,"column":2},"end":{"line":104,"column":3}},{"start":{},"end":{}}],"line":102},"9":{"loc":{"start":{"line":102,"column":6},"end":{"line":102,"column":107}},"type":"binary-expr","locations":[{"start":{"line":102,"column":6},"end":{"line":102,"column":25}},{"start":{"line":102,"column":29},"end":{"line":102,"column":64}},{"start":{"line":102,"column":68},"end":{"line":102,"column":107}}],"line":102},"10":{"loc":{"start":{"line":106,"column":2},"end":{"line":108,"column":3}},"type":"if","locations":[{"start":{"line":106,"column":2},"end":{"line":108,"column":3}},{"start":{},"end":{}}],"line":106},"11":{"loc":{"start":{"line":106,"column":6},"end":{"line":106,"column":128}},"type":"binary-expr","locations":[{"start":{"line":106,"column":6},"end":{"line":106,"column":32}},{"start":{"line":106,"column":36},"end":{"line":106,"column":78}},{"start":{"line":106,"column":82},"end":{"line":106,"column":128}}],"line":106},"12":{"loc":{"start":{"line":110,"column":2},"end":{"line":112,"column":3}},"type":"if","locations":[{"start":{"line":110,"column":2},"end":{"line":112,"column":3}},{"start":{},"end":{}}],"line":110},"13":{"loc":{"start":{"line":110,"column":6},"end":{"line":110,"column":128}},"type":"binary-expr","locations":[{"start":{"line":110,"column":6},"end":{"line":110,"column":32}},{"start":{"line":110,"column":36},"end":{"line":110,"column":78}},{"start":{"line":110,"column":82},"end":{"line":110,"column":128}}],"line":110},"14":{"loc":{"start":{"line":114,"column":2},"end":{"line":116,"column":3}},"type":"if","locations":[{"start":{"line":114,"column":2},"end":{"line":116,"column":3}},{"start":{},"end":{}}],"line":114},"15":{"loc":{"start":{"line":114,"column":6},"end":{"line":114,"column":80}},"type":"binary-expr","locations":[{"start":{"line":114,"column":6},"end":{"line":114,"column":38}},{"start":{"line":114,"column":42},"end":{"line":114,"column":80}}],"line":114},"16":{"loc":{"start":{"line":118,"column":2},"end":{"line":120,"column":3}},"type":"if","locations":[{"start":{"line":118,"column":2},"end":{"line":120,"column":3}},{"start":{},"end":{}}],"line":118},"17":{"loc":{"start":{"line":118,"column":6},"end":{"line":118,"column":91}},"type":"binary-expr","locations":[{"start":{"line":118,"column":6},"end":{"line":118,"column":43}},{"start":{"line":118,"column":47},"end":{"line":118,"column":91}}],"line":118},"18":{"loc":{"start":{"line":122,"column":2},"end":{"line":127,"column":3}},"type":"if","locations":[{"start":{"line":122,"column":2},"end":{"line":127,"column":3}},{"start":{},"end":{}}],"line":122},"19":{"loc":{"start":{"line":122,"column":6},"end":{"line":125,"column":45}},"type":"binary-expr","locations":[{"start":{"line":122,"column":6},"end":{"line":122,"column":52}},{"start":{"line":123,"column":6},"end":{"line":123,"column":58}},{"start":{"line":124,"column":6},"end":{"line":124,"column":44}},{"start":{"line":125,"column":6},"end":{"line":125,"column":44}}],"line":122},"20":{"loc":{"start":{"line":140,"column":2},"end":{"line":142,"column":3}},"type":"if","locations":[{"start":{"line":140,"column":2},"end":{"line":142,"column":3}},{"start":{},"end":{}}],"line":140},"21":{"loc":{"start":{"line":140,"column":6},"end":{"line":140,"column":46}},"type":"binary-expr","locations":[{"start":{"line":140,"column":6},"end":{"line":140,"column":13}},{"start":{"line":140,"column":17},"end":{"line":140,"column":46}}],"line":140},"22":{"loc":{"start":{"line":145,"column":2},"end":{"line":147,"column":3}},"type":"if","locations":[{"start":{"line":145,"column":2},"end":{"line":147,"column":3}},{"start":{},"end":{}}],"line":145},"23":{"loc":{"start":{"line":145,"column":6},"end":{"line":145,"column":86}},"type":"binary-expr","locations":[{"start":{"line":145,"column":6},"end":{"line":145,"column":20}},{"start":{"line":145,"column":24},"end":{"line":145,"column":43}},{"start":{"line":145,"column":47},"end":{"line":145,"column":86}}],"line":145},"24":{"loc":{"start":{"line":151,"column":4},"end":{"line":153,"column":5}},"type":"if","locations":[{"start":{"line":151,"column":4},"end":{"line":153,"column":5}},{"start":{},"end":{}}],"line":151},"25":{"loc":{"start":{"line":151,"column":8},"end":{"line":151,"column":36}},"type":"binary-expr","locations":[{"start":{"line":151,"column":8},"end":{"line":151,"column":21}},{"start":{"line":151,"column":25},"end":{"line":151,"column":36}}],"line":151},"26":{"loc":{"start":{"line":155,"column":4},"end":{"line":157,"column":5}},"type":"if","locations":[{"start":{"line":155,"column":4},"end":{"line":157,"column":5}},{"start":{},"end":{}}],"line":155},"27":{"loc":{"start":{"line":159,"column":4},"end":{"line":163,"column":5}},"type":"if","locations":[{"start":{"line":159,"column":4},"end":{"line":163,"column":5}},{"start":{},"end":{}}],"line":159},"28":{"loc":{"start":{"line":160,"column":6},"end":{"line":162,"column":7}},"type":"if","locations":[{"start":{"line":160,"column":6},"end":{"line":162,"column":7}},{"start":{},"end":{}}],"line":160},"29":{"loc":{"start":{"line":160,"column":10},"end":{"line":160,"column":95}},"type":"binary-expr","locations":[{"start":{"line":160,"column":10},"end":{"line":160,"column":45}},{"start":{"line":160,"column":49},"end":{"line":160,"column":70}},{"start":{"line":160,"column":74},"end":{"line":160,"column":95}}],"line":160},"30":{"loc":{"start":{"line":165,"column":4},"end":{"line":167,"column":5}},"type":"if","locations":[{"start":{"line":165,"column":4},"end":{"line":167,"column":5}},{"start":{},"end":{}}],"line":165},"31":{"loc":{"start":{"line":165,"column":8},"end":{"line":165,"column":89}},"type":"binary-expr","locations":[{"start":{"line":165,"column":8},"end":{"line":165,"column":33}},{"start":{"line":165,"column":38},"end":{"line":165,"column":69}},{"start":{"line":165,"column":73},"end":{"line":165,"column":88}}],"line":165},"32":{"loc":{"start":{"line":178,"column":35},"end":{"line":178,"column":44}},"type":"default-arg","locations":[{"start":{"line":178,"column":42},"end":{"line":178,"column":44}}],"line":178},"33":{"loc":{"start":{"line":181,"column":4},"end":{"line":183,"column":5}},"type":"if","locations":[{"start":{"line":181,"column":4},"end":{"line":183,"column":5}},{"start":{},"end":{}}],"line":181},"34":{"loc":{"start":{"line":188,"column":24},"end":{"line":188,"column":49}},"type":"binary-expr","locations":[{"start":{"line":188,"column":24},"end":{"line":188,"column":38}},{"start":{"line":188,"column":42},"end":{"line":188,"column":49}}],"line":188},"35":{"loc":{"start":{"line":212,"column":4},"end":{"line":214,"column":5}},"type":"if","locations":[{"start":{"line":212,"column":4},"end":{"line":214,"column":5}},{"start":{},"end":{}}],"line":212},"36":{"loc":{"start":{"line":216,"column":4},"end":{"line":218,"column":5}},"type":"if","locations":[{"start":{"line":216,"column":4},"end":{"line":218,"column":5}},{"start":{},"end":{}}],"line":216},"37":{"loc":{"start":{"line":220,"column":4},"end":{"line":231,"column":5}},"type":"if","locations":[{"start":{"line":220,"column":4},"end":{"line":231,"column":5}},{"start":{},"end":{}}],"line":220},"38":{"loc":{"start":{"line":220,"column":8},"end":{"line":220,"column":49}},"type":"binary-expr","locations":[{"start":{"line":220,"column":8},"end":{"line":220,"column":32}},{"start":{"line":220,"column":36},"end":{"line":220,"column":49}}],"line":220},"39":{"loc":{"start":{"line":247,"column":2},"end":{"line":247,"column":31}},"type":"if","locations":[{"start":{"line":247,"column":2},"end":{"line":247,"column":31}},{"start":{},"end":{}}],"line":247},"40":{"loc":{"start":{"line":251,"column":4},"end":{"line":253,"column":5}},"type":"if","locations":[{"start":{"line":251,"column":4},"end":{"line":253,"column":5}},{"start":{},"end":{}}],"line":251},"41":{"loc":{"start":{"line":266,"column":2},"end":{"line":266,"column":28}},"type":"if","locations":[{"start":{"line":266,"column":2},"end":{"line":266,"column":28}},{"start":{},"end":{}}],"line":266},"42":{"loc":{"start":{"line":270,"column":4},"end":{"line":276,"column":5}},"type":"if","locations":[{"start":{"line":270,"column":4},"end":{"line":276,"column":5}},{"start":{},"end":{}}],"line":270},"43":{"loc":{"start":{"line":270,"column":8},"end":{"line":271,"column":63}},"type":"binary-expr","locations":[{"start":{"line":270,"column":8},"end":{"line":270,"column":33}},{"start":{"line":270,"column":37},"end":{"line":270,"column":51}},{"start":{"line":270,"column":55},"end":{"line":270,"column":76}},{"start":{"line":271,"column":8},"end":{"line":271,"column":39}},{"start":{"line":271,"column":43},"end":{"line":271,"column":63}}],"line":270},"44":{"loc":{"start":{"line":272,"column":6},"end":{"line":274,"column":7}},"type":"if","locations":[{"start":{"line":272,"column":6},"end":{"line":274,"column":7}},{"start":{},"end":{}}],"line":272},"45":{"loc":{"start":{"line":279,"column":4},"end":{"line":285,"column":5}},"type":"if","locations":[{"start":{"line":279,"column":4},"end":{"line":285,"column":5}},{"start":{},"end":{}}],"line":279},"46":{"loc":{"start":{"line":279,"column":8},"end":{"line":279,"column":58}},"type":"binary-expr","locations":[{"start":{"line":279,"column":8},"end":{"line":279,"column":28}},{"start":{"line":279,"column":32},"end":{"line":279,"column":58}}],"line":279},"47":{"loc":{"start":{"line":281,"column":6},"end":{"line":283,"column":7}},"type":"if","locations":[{"start":{"line":281,"column":6},"end":{"line":283,"column":7}},{"start":{},"end":{}}],"line":281},"48":{"loc":{"start":{"line":288,"column":4},"end":{"line":290,"column":5}},"type":"if","locations":[{"start":{"line":288,"column":4},"end":{"line":290,"column":5}},{"start":{},"end":{}}],"line":288}},"s":{"0":2,"1":2,"2":2,"3":0,"4":0,"5":0,"6":2,"7":2,"8":2,"9":2,"10":2,"11":1,"12":2,"13":0,"14":0,"15":0,"16":2,"17":2,"18":2,"19":2,"20":2,"21":1,"22":2,"23":2,"24":2,"25":2,"26":5,"27":2,"28":1,"29":1,"30":0,"31":1,"32":0,"33":1,"34":0,"35":1,"36":0,"37":1,"38":0,"39":1,"40":0,"41":2,"42":16,"43":1,"44":15,"45":2,"46":14,"47":14,"48":1,"49":13,"50":2,"51":12,"52":2,"53":1,"54":11,"55":1,"56":2,"57":8,"58":8,"59":7,"60":8,"61":1,"62":1,"63":1,"64":8,"65":8,"66":8,"67":8,"68":0,"69":0,"70":2,"71":0,"72":0,"73":0,"74":0,"75":0,"76":0,"77":0,"78":0,"79":0,"80":0,"81":0,"82":0,"83":0,"84":0,"85":0,"86":0,"87":0,"88":2,"89":7,"90":0,"91":7,"92":9,"93":9,"94":1,"95":6,"96":2,"97":11,"98":0,"99":11,"100":11,"101":2,"102":0,"103":2,"104":9,"105":1,"106":2,"107":1,"108":0,"109":1,"110":8,"111":1,"112":10,"113":2},"f":{"0":0,"1":2,"2":2,"3":1,"4":0,"5":2,"6":2,"7":2,"8":5,"9":16,"10":8,"11":1,"12":0,"13":0,"14":7,"15":11,"16":2},"b":{"0":[0],"1":[0,0],"2":[0,0],"3":[0,0],"4":[0,0],"5":[0,0],"6":[1,1],"7":[1,1],"8":[0,1],"9":[1,1,0],"10":[0,1],"11":[1,1,0],"12":[0,1],"13":[1,0,0],"14":[0,1],"15":[1,0],"16":[0,1],"17":[1,1],"18":[0,1],"19":[1,0,0,0],"20":[1,15],"21":[16,16],"22":[2,13],"23":[15,3,2],"24":[1,13],"25":[14,13],"26":[2,11],"27":[2,10],"28":[1,1],"29":[2,2,1],"30":[1,10],"31":[11,2,2],"32":[0],"33":[7,1],"34":[1,0],"35":[0,0],"36":[0,0],"37":[0,0],"38":[0,0],"39":[0,7],"40":[1,8],"41":[0,11],"42":[2,9],"43":[11,3,3,2,2],"44":[0,2],"45":[1,8],"46":[9,1],"47":[0,1],"48":[1,7]},"_coverageSchema":"1a1c01bbd47fc00a2c39e90264f33305004495a9","hash":"a3eb147d3ea046e425935544b7ea0b81f3aeb74c"}
,"/Users/blake/work/npm-mock-server/src/lib/server.js": {"path":"/Users/blake/work/npm-mock-server/src/lib/server.js","statementMap":{"0":{"start":{"line":5,"column":16},"end":{"line":5,"column":34}},"1":{"start":{"line":6,"column":11},"end":{"line":6,"column":33}},"2":{"start":{"line":7,"column":13},"end":{"line":7,"column":28}},"3":{"start":{"line":8,"column":0},"end":{"line":8,"column":27}},"4":{"start":{"line":15,"column":4},"end":{"line":15,"column":29}},"5":{"start":{"line":18,"column":0},"end":{"line":18,"column":28}},"6":{"start":{"line":24,"column":20},"end":{"line":30,"column":2}},"7":{"start":{"line":24,"column":27},"end":{"line":30,"column":1}},"8":{"start":{"line":37,"column":12},"end":{"line":43,"column":1}},"9":{"start":{"line":39,"column":25},"end":{"line":39,"column":83}},"10":{"start":{"line":40,"column":2},"end":{"line":42,"column":3}},"11":{"start":{"line":41,"column":4},"end":{"line":41,"column":25}},"12":{"start":{"line":51,"column":19},"end":{"line":68,"column":1}},"13":{"start":{"line":52,"column":2},"end":{"line":67,"column":3}},"14":{"start":{"line":53,"column":26},"end":{"line":53,"column":63}},"15":{"start":{"line":54,"column":4},"end":{"line":61,"column":5}},"16":{"start":{"line":55,"column":21},"end":{"line":55,"column":46}},"17":{"start":{"line":56,"column":6},"end":{"line":56,"column":29}},"18":{"start":{"line":57,"column":6},"end":{"line":57,"column":40}},"19":{"start":{"line":58,"column":6},"end":{"line":58,"column":20}},"20":{"start":{"line":60,"column":6},"end":{"line":60,"column":53}},"21":{"start":{"line":63,"column":4},"end":{"line":65,"column":5}},"22":{"start":{"line":64,"column":6},"end":{"line":64,"column":62}},"23":{"start":{"line":66,"column":4},"end":{"line":66,"column":16}},"24":{"start":{"line":75,"column":28},"end":{"line":102,"column":1}},"25":{"start":{"line":76,"column":2},"end":{"line":101,"column":3}},"26":{"start":{"line":77,"column":4},"end":{"line":97,"column":5}},"27":{"start":{"line":79,"column":6},"end":{"line":82,"column":7}},"28":{"start":{"line":80,"column":8},"end":{"line":80,"column":46}},"29":{"start":{"line":81,"column":8},"end":{"line":81,"column":15}},"30":{"start":{"line":85,"column":26},"end":{"line":87,"column":12}},"31":{"start":{"line":89,"column":6},"end":{"line":89,"column":74}},"32":{"start":{"line":90,"column":6},"end":{"line":90,"column":33}},"33":{"start":{"line":91,"column":6},"end":{"line":91,"column":42}},"34":{"start":{"line":94,"column":6},"end":{"line":94,"column":51}},"35":{"start":{"line":95,"column":6},"end":{"line":95,"column":22}},"36":{"start":{"line":96,"column":6},"end":{"line":96,"column":31}},"37":{"start":{"line":99,"column":4},"end":{"line":99,"column":62}},"38":{"start":{"line":100,"column":4},"end":{"line":100,"column":66}},"39":{"start":{"line":111,"column":27},"end":{"line":118,"column":1}},"40":{"start":{"line":112,"column":2},"end":{"line":117,"column":3}},"41":{"start":{"line":113,"column":4},"end":{"line":113,"column":40}},"42":{"start":{"line":115,"column":4},"end":{"line":115,"column":63}},"43":{"start":{"line":116,"column":4},"end":{"line":116,"column":80}},"44":{"start":{"line":124,"column":36},"end":{"line":139,"column":1}},"45":{"start":{"line":125,"column":2},"end":{"line":138,"column":5}},"46":{"start":{"line":127,"column":4},"end":{"line":127,"column":31}},"47":{"start":{"line":130,"column":4},"end":{"line":130,"column":41}},"48":{"start":{"line":133,"column":4},"end":{"line":133,"column":59}},"49":{"start":{"line":133,"column":32},"end":{"line":133,"column":58}},"50":{"start":{"line":135,"column":4},"end":{"line":135,"column":83}},"51":{"start":{"line":137,"column":4},"end":{"line":137,"column":11}},"52":{"start":{"line":146,"column":32},"end":{"line":154,"column":1}},"53":{"start":{"line":147,"column":2},"end":{"line":153,"column":5}},"54":{"start":{"line":148,"column":4},"end":{"line":151,"column":5}},"55":{"start":{"line":149,"column":6},"end":{"line":149,"column":65}},"56":{"start":{"line":150,"column":6},"end":{"line":150,"column":13}},"57":{"start":{"line":152,"column":4},"end":{"line":152,"column":11}},"58":{"start":{"line":161,"column":37},"end":{"line":191,"column":1}},"59":{"start":{"line":162,"column":2},"end":{"line":190,"column":3}},"60":{"start":{"line":163,"column":4},"end":{"line":189,"column":7}},"61":{"start":{"line":164,"column":27},"end":{"line":164,"column":29}},"62":{"start":{"line":166,"column":6},"end":{"line":181,"column":7}},"63":{"start":{"line":167,"column":8},"end":{"line":180,"column":9}},"64":{"start":{"line":168,"column":29},"end":{"line":171,"column":11}},"65":{"start":{"line":173,"column":10},"end":{"line":173,"column":97}},"66":{"start":{"line":175,"column":10},"end":{"line":175,"column":73}},"67":{"start":{"line":177,"column":10},"end":{"line":177,"column":76}},"68":{"start":{"line":178,"column":10},"end":{"line":178,"column":43}},"69":{"start":{"line":184,"column":6},"end":{"line":186,"column":7}},"70":{"start":{"line":185,"column":8},"end":{"line":185,"column":88}},"71":{"start":{"line":188,"column":6},"end":{"line":188,"column":13}},"72":{"start":{"line":197,"column":39},"end":{"line":204,"column":1}},"73":{"start":{"line":198,"column":2},"end":{"line":203,"column":5}},"74":{"start":{"line":199,"column":4},"end":{"line":199,"column":49}},"75":{"start":{"line":200,"column":4},"end":{"line":200,"column":39}},"76":{"start":{"line":201,"column":4},"end":{"line":201,"column":60}},"77":{"start":{"line":202,"column":4},"end":{"line":202,"column":11}},"78":{"start":{"line":210,"column":37},"end":{"line":238,"column":1}},"79":{"start":{"line":212,"column":2},"end":{"line":214,"column":5}},"80":{"start":{"line":213,"column":4},"end":{"line":213,"column":57}},"81":{"start":{"line":217,"column":2},"end":{"line":220,"column":5}},"82":{"start":{"line":218,"column":4},"end":{"line":218,"column":48}},"83":{"start":{"line":219,"column":4},"end":{"line":219,"column":20}},"84":{"start":{"line":223,"column":2},"end":{"line":237,"column":5}},"85":{"start":{"line":224,"column":4},"end":{"line":224,"column":52}},"86":{"start":{"line":227,"column":4},"end":{"line":229,"column":5}},"87":{"start":{"line":228,"column":6},"end":{"line":228,"column":58}},"88":{"start":{"line":231,"column":4},"end":{"line":233,"column":5}},"89":{"start":{"line":232,"column":6},"end":{"line":232,"column":74}},"90":{"start":{"line":236,"column":4},"end":{"line":236,"column":61}},"91":{"start":{"line":246,"column":24},"end":{"line":253,"column":1}},"92":{"start":{"line":247,"column":2},"end":{"line":247,"column":35}},"93":{"start":{"line":248,"column":2},"end":{"line":248,"column":35}},"94":{"start":{"line":249,"column":2},"end":{"line":249,"column":38}},"95":{"start":{"line":250,"column":2},"end":{"line":250,"column":44}},"96":{"start":{"line":251,"column":2},"end":{"line":251,"column":38}},"97":{"start":{"line":252,"column":2},"end":{"line":252,"column":36}},"98":{"start":{"line":260,"column":20},"end":{"line":354,"column":1}},"99":{"start":{"line":262,"column":2},"end":{"line":262,"column":56}},"100":{"start":{"line":264,"column":2},"end":{"line":348,"column":3}},"101":{"start":{"line":265,"column":4},"end":{"line":265,"column":80}},"102":{"start":{"line":267,"column":4},"end":{"line":347,"column":7}},"103":{"start":{"line":268,"column":6},"end":{"line":346,"column":7}},"104":{"start":{"line":269,"column":8},"end":{"line":269,"column":57}},"105":{"start":{"line":270,"column":8},"end":{"line":270,"column":57}},"106":{"start":{"line":273,"column":8},"end":{"line":281,"column":9}},"107":{"start":{"line":274,"column":10},"end":{"line":278,"column":11}},"108":{"start":{"line":275,"column":12},"end":{"line":275,"column":77}},"109":{"start":{"line":276,"column":12},"end":{"line":276,"column":37}},"110":{"start":{"line":277,"column":12},"end":{"line":277,"column":19}},"111":{"start":{"line":279,"column":10},"end":{"line":279,"column":64}},"112":{"start":{"line":280,"column":10},"end":{"line":280,"column":17}},"113":{"start":{"line":284,"column":8},"end":{"line":312,"column":9}},"114":{"start":{"line":285,"column":31},"end":{"line":285,"column":33}},"115":{"start":{"line":287,"column":10},"end":{"line":306,"column":11}},"116":{"start":{"line":288,"column":12},"end":{"line":305,"column":13}},"117":{"start":{"line":290,"column":41},"end":{"line":296,"column":15}},"118":{"start":{"line":298,"column":14},"end":{"line":298,"column":102}},"119":{"start":{"line":300,"column":14},"end":{"line":300,"column":85}},"120":{"start":{"line":302,"column":14},"end":{"line":302,"column":73}},"121":{"start":{"line":303,"column":14},"end":{"line":303,"column":47}},"122":{"start":{"line":309,"column":10},"end":{"line":311,"column":11}},"123":{"start":{"line":310,"column":12},"end":{"line":310,"column":92}},"124":{"start":{"line":315,"column":8},"end":{"line":318,"column":9}},"125":{"start":{"line":316,"column":10},"end":{"line":316,"column":101}},"126":{"start":{"line":317,"column":10},"end":{"line":317,"column":17}},"127":{"start":{"line":321,"column":8},"end":{"line":323,"column":9}},"128":{"start":{"line":322,"column":10},"end":{"line":322,"column":73}},"129":{"start":{"line":322,"column":39},"end":{"line":322,"column":71}},"130":{"start":{"line":326,"column":29},"end":{"line":332,"column":9}},"131":{"start":{"line":334,"column":8},"end":{"line":334,"column":100}},"132":{"start":{"line":336,"column":8},"end":{"line":342,"column":9}},"133":{"start":{"line":337,"column":27},"end":{"line":337,"column":76}},"134":{"start":{"line":338,"column":10},"end":{"line":338,"column":29}},"135":{"start":{"line":340,"column":10},"end":{"line":340,"column":61}},"136":{"start":{"line":341,"column":10},"end":{"line":341,"column":67}},"137":{"start":{"line":344,"column":8},"end":{"line":344,"column":70}},"138":{"start":{"line":345,"column":8},"end":{"line":345,"column":65}},"139":{"start":{"line":351,"column":2},"end":{"line":353,"column":5}},"140":{"start":{"line":352,"column":4},"end":{"line":352,"column":49}},"141":{"start":{"line":360,"column":25},"end":{"line":398,"column":1}},"142":{"start":{"line":361,"column":2},"end":{"line":363,"column":3}},"143":{"start":{"line":362,"column":4},"end":{"line":362,"column":11}},"144":{"start":{"line":365,"column":2},"end":{"line":365,"column":30}},"145":{"start":{"line":366,"column":2},"end":{"line":366,"column":37}},"146":{"start":{"line":369,"column":2},"end":{"line":371,"column":3}},"147":{"start":{"line":370,"column":4},"end":{"line":370,"column":40}},"148":{"start":{"line":374,"column":2},"end":{"line":377,"column":11}},"149":{"start":{"line":375,"column":4},"end":{"line":375,"column":42}},"150":{"start":{"line":376,"column":4},"end":{"line":376,"column":20}},"151":{"start":{"line":380,"column":2},"end":{"line":397,"column":3}},"152":{"start":{"line":381,"column":4},"end":{"line":394,"column":7}},"153":{"start":{"line":382,"column":6},"end":{"line":382,"column":27}},"154":{"start":{"line":383,"column":6},"end":{"line":393,"column":7}},"155":{"start":{"line":384,"column":8},"end":{"line":390,"column":11}},"156":{"start":{"line":385,"column":10},"end":{"line":385,"column":37}},"157":{"start":{"line":386,"column":10},"end":{"line":386,"column":26}},"158":{"start":{"line":388,"column":10},"end":{"line":388,"column":55}},"159":{"start":{"line":389,"column":10},"end":{"line":389,"column":26}},"160":{"start":{"line":392,"column":8},"end":{"line":392,"column":24}},"161":{"start":{"line":396,"column":4},"end":{"line":396,"column":20}},"162":{"start":{"line":409,"column":20},"end":{"line":444,"column":1}},"163":{"start":{"line":410,"column":2},"end":{"line":443,"column":3}},"164":{"start":{"line":412,"column":19},"end":{"line":412,"column":47}},"165":{"start":{"line":413,"column":4},"end":{"line":413,"column":26}},"166":{"start":{"line":416,"column":4},"end":{"line":416,"column":40}},"167":{"start":{"line":419,"column":4},"end":{"line":419,"column":29}},"168":{"start":{"line":422,"column":4},"end":{"line":439,"column":7}},"169":{"start":{"line":424,"column":6},"end":{"line":438,"column":7}},"170":{"start":{"line":425,"column":8},"end":{"line":429,"column":11}},"171":{"start":{"line":426,"column":10},"end":{"line":426,"column":48}},"172":{"start":{"line":427,"column":10},"end":{"line":427,"column":40}},"173":{"start":{"line":428,"column":10},"end":{"line":428,"column":34}},"174":{"start":{"line":431,"column":8},"end":{"line":434,"column":11}},"175":{"start":{"line":432,"column":10},"end":{"line":432,"column":46}},"176":{"start":{"line":433,"column":10},"end":{"line":433,"column":22}},"177":{"start":{"line":436,"column":8},"end":{"line":436,"column":54}},"178":{"start":{"line":437,"column":8},"end":{"line":437,"column":20}},"179":{"start":{"line":441,"column":4},"end":{"line":441,"column":52}},"180":{"start":{"line":442,"column":4},"end":{"line":442,"column":16}},"181":{"start":{"line":451,"column":19},"end":{"line":492,"column":1}},"182":{"start":{"line":452,"column":2},"end":{"line":491,"column":3}},"183":{"start":{"line":454,"column":4},"end":{"line":457,"column":5}},"184":{"start":{"line":455,"column":6},"end":{"line":455,"column":34}},"185":{"start":{"line":456,"column":6},"end":{"line":456,"column":27}},"186":{"start":{"line":460,"column":4},"end":{"line":471,"column":5}},"187":{"start":{"line":461,"column":6},"end":{"line":469,"column":9}},"188":{"start":{"line":462,"column":8},"end":{"line":468,"column":11}},"189":{"start":{"line":463,"column":10},"end":{"line":467,"column":11}},"190":{"start":{"line":464,"column":12},"end":{"line":464,"column":24}},"191":{"start":{"line":466,"column":12},"end":{"line":466,"column":22}},"192":{"start":{"line":470,"column":6},"end":{"line":470,"column":26}},"193":{"start":{"line":474,"column":4},"end":{"line":477,"column":5}},"194":{"start":{"line":475,"column":6},"end":{"line":475,"column":42}},"195":{"start":{"line":476,"column":6},"end":{"line":476,"column":35}},"196":{"start":{"line":480,"column":4},"end":{"line":482,"column":5}},"197":{"start":{"line":481,"column":6},"end":{"line":481,"column":40}},"198":{"start":{"line":485,"column":4},"end":{"line":485,"column":33}},"199":{"start":{"line":486,"column":4},"end":{"line":486,"column":24}},"200":{"start":{"line":487,"column":4},"end":{"line":487,"column":21}},"201":{"start":{"line":489,"column":4},"end":{"line":489,"column":51}},"202":{"start":{"line":490,"column":4},"end":{"line":490,"column":16}},"203":{"start":{"line":499,"column":25},"end":{"line":524,"column":1}},"204":{"start":{"line":500,"column":14},"end":{"line":500,"column":23}},"205":{"start":{"line":501,"column":16},"end":{"line":501,"column":29}},"206":{"start":{"line":504,"column":2},"end":{"line":504,"column":26}},"207":{"start":{"line":505,"column":2},"end":{"line":505,"column":50}},"208":{"start":{"line":508,"column":24},"end":{"line":508,"column":53}},"209":{"start":{"line":508,"column":30},"end":{"line":508,"column":53}},"210":{"start":{"line":509,"column":23},"end":{"line":509,"column":52}},"211":{"start":{"line":509,"column":29},"end":{"line":509,"column":52}},"212":{"start":{"line":512,"column":2},"end":{"line":512,"column":39}},"213":{"start":{"line":513,"column":2},"end":{"line":513,"column":37}},"214":{"start":{"line":515,"column":2},"end":{"line":523,"column":4}},"215":{"start":{"line":516,"column":28},"end":{"line":516,"column":69}},"216":{"start":{"line":518,"column":6},"end":{"line":518,"column":30}},"217":{"start":{"line":520,"column":6},"end":{"line":520,"column":55}},"218":{"start":{"line":521,"column":6},"end":{"line":521,"column":53}},"219":{"start":{"line":530,"column":25},"end":{"line":538,"column":1}},"220":{"start":{"line":531,"column":2},"end":{"line":537,"column":5}},"221":{"start":{"line":532,"column":19},"end":{"line":532,"column":48}},"222":{"start":{"line":533,"column":4},"end":{"line":536,"column":7}},"223":{"start":{"line":534,"column":19},"end":{"line":534,"column":40}},"224":{"start":{"line":535,"column":6},"end":{"line":535,"column":40}},"225":{"start":{"line":535,"column":25},"end":{"line":535,"column":38}},"226":{"start":{"line":540,"column":0},"end":{"line":543,"column":2}}},"fnMap":{"0":{"name":"(anonymous_0)","decl":{"start":{"line":24,"column":20},"end":{"line":24,"column":21}},"loc":{"start":{"line":24,"column":27},"end":{"line":30,"column":1}},"line":24},"1":{"name":"(anonymous_1)","decl":{"start":{"line":37,"column":12},"end":{"line":37,"column":13}},"loc":{"start":{"line":37,"column":40},"end":{"line":43,"column":1}},"line":37},"2":{"name":"(anonymous_2)","decl":{"start":{"line":51,"column":19},"end":{"line":51,"column":20}},"loc":{"start":{"line":51,"column":41},"end":{"line":68,"column":1}},"line":51},"3":{"name":"(anonymous_3)","decl":{"start":{"line":75,"column":28},"end":{"line":75,"column":29}},"loc":{"start":{"line":75,"column":45},"end":{"line":102,"column":1}},"line":75},"4":{"name":"(anonymous_4)","decl":{"start":{"line":111,"column":27},"end":{"line":111,"column":28}},"loc":{"start":{"line":111,"column":52},"end":{"line":118,"column":1}},"line":111},"5":{"name":"(anonymous_5)","decl":{"start":{"line":124,"column":36},"end":{"line":124,"column":37}},"loc":{"start":{"line":124,"column":45},"end":{"line":139,"column":1}},"line":124},"6":{"name":"(anonymous_6)","decl":{"start":{"line":125,"column":10},"end":{"line":125,"column":11}},"loc":{"start":{"line":125,"column":30},"end":{"line":138,"column":3}},"line":125},"7":{"name":"(anonymous_7)","decl":{"start":{"line":133,"column":26},"end":{"line":133,"column":27}},"loc":{"start":{"line":133,"column":32},"end":{"line":133,"column":58}},"line":133},"8":{"name":"(anonymous_8)","decl":{"start":{"line":146,"column":32},"end":{"line":146,"column":33}},"loc":{"start":{"line":146,"column":48},"end":{"line":154,"column":1}},"line":146},"9":{"name":"(anonymous_9)","decl":{"start":{"line":147,"column":10},"end":{"line":147,"column":11}},"loc":{"start":{"line":147,"column":30},"end":{"line":153,"column":3}},"line":147},"10":{"name":"(anonymous_10)","decl":{"start":{"line":161,"column":37},"end":{"line":161,"column":38}},"loc":{"start":{"line":161,"column":54},"end":{"line":191,"column":1}},"line":161},"11":{"name":"(anonymous_11)","decl":{"start":{"line":163,"column":12},"end":{"line":163,"column":13}},"loc":{"start":{"line":163,"column":32},"end":{"line":189,"column":5}},"line":163},"12":{"name":"(anonymous_12)","decl":{"start":{"line":197,"column":39},"end":{"line":197,"column":40}},"loc":{"start":{"line":197,"column":48},"end":{"line":204,"column":1}},"line":197},"13":{"name":"(anonymous_13)","decl":{"start":{"line":198,"column":10},"end":{"line":198,"column":11}},"loc":{"start":{"line":198,"column":30},"end":{"line":203,"column":3}},"line":198},"14":{"name":"(anonymous_14)","decl":{"start":{"line":210,"column":37},"end":{"line":210,"column":38}},"loc":{"start":{"line":210,"column":46},"end":{"line":238,"column":1}},"line":210},"15":{"name":"(anonymous_15)","decl":{"start":{"line":212,"column":35},"end":{"line":212,"column":36}},"loc":{"start":{"line":212,"column":46},"end":{"line":214,"column":3}},"line":212},"16":{"name":"(anonymous_16)","decl":{"start":{"line":217,"column":34},"end":{"line":217,"column":35}},"loc":{"start":{"line":217,"column":45},"end":{"line":220,"column":3}},"line":217},"17":{"name":"(anonymous_17)","decl":{"start":{"line":223,"column":10},"end":{"line":223,"column":11}},"loc":{"start":{"line":223,"column":36},"end":{"line":237,"column":3}},"line":223},"18":{"name":"(anonymous_18)","decl":{"start":{"line":246,"column":24},"end":{"line":246,"column":25}},"loc":{"start":{"line":246,"column":48},"end":{"line":253,"column":1}},"line":246},"19":{"name":"(anonymous_19)","decl":{"start":{"line":260,"column":20},"end":{"line":260,"column":21}},"loc":{"start":{"line":260,"column":37},"end":{"line":354,"column":1}},"line":260},"20":{"name":"(anonymous_20)","decl":{"start":{"line":267,"column":48},"end":{"line":267,"column":49}},"loc":{"start":{"line":267,"column":68},"end":{"line":347,"column":5}},"line":267},"21":{"name":"(anonymous_21)","decl":{"start":{"line":322,"column":28},"end":{"line":322,"column":29}},"loc":{"start":{"line":322,"column":39},"end":{"line":322,"column":71}},"line":322},"22":{"name":"(anonymous_22)","decl":{"start":{"line":351,"column":10},"end":{"line":351,"column":11}},"loc":{"start":{"line":351,"column":24},"end":{"line":353,"column":3}},"line":351},"23":{"name":"(anonymous_23)","decl":{"start":{"line":360,"column":25},"end":{"line":360,"column":26}},"loc":{"start":{"line":360,"column":36},"end":{"line":398,"column":1}},"line":360},"24":{"name":"(anonymous_24)","decl":{"start":{"line":374,"column":37},"end":{"line":374,"column":38}},"loc":{"start":{"line":374,"column":43},"end":{"line":377,"column":3}},"line":374},"25":{"name":"(anonymous_25)","decl":{"start":{"line":381,"column":23},"end":{"line":381,"column":24}},"loc":{"start":{"line":381,"column":29},"end":{"line":394,"column":5}},"line":381},"26":{"name":"(anonymous_26)","decl":{"start":{"line":384,"column":35},"end":{"line":384,"column":36}},"loc":{"start":{"line":384,"column":41},"end":{"line":387,"column":9}},"line":384},"27":{"name":"(anonymous_27)","decl":{"start":{"line":387,"column":17},"end":{"line":387,"column":18}},"loc":{"start":{"line":387,"column":24},"end":{"line":390,"column":9}},"line":387},"28":{"name":"(anonymous_28)","decl":{"start":{"line":409,"column":20},"end":{"line":409,"column":21}},"loc":{"start":{"line":409,"column":67},"end":{"line":444,"column":1}},"line":409},"29":{"name":"(anonymous_29)","decl":{"start":{"line":422,"column":23},"end":{"line":422,"column":24}},"loc":{"start":{"line":422,"column":44},"end":{"line":439,"column":5}},"line":422},"30":{"name":"(anonymous_30)","decl":{"start":{"line":425,"column":42},"end":{"line":425,"column":43}},"loc":{"start":{"line":425,"column":48},"end":{"line":429,"column":9}},"line":425},"31":{"name":"(anonymous_31)","decl":{"start":{"line":431,"column":35},"end":{"line":431,"column":36}},"loc":{"start":{"line":431,"column":44},"end":{"line":434,"column":9}},"line":431},"32":{"name":"(anonymous_32)","decl":{"start":{"line":451,"column":19},"end":{"line":451,"column":20}},"loc":{"start":{"line":451,"column":36},"end":{"line":492,"column":1}},"line":451},"33":{"name":"(anonymous_33)","decl":{"start":{"line":461,"column":24},"end":{"line":461,"column":25}},"loc":{"start":{"line":461,"column":45},"end":{"line":469,"column":7}},"line":461},"34":{"name":"(anonymous_34)","decl":{"start":{"line":462,"column":27},"end":{"line":462,"column":28}},"loc":{"start":{"line":462,"column":36},"end":{"line":468,"column":9}},"line":462},"35":{"name":"(anonymous_35)","decl":{"start":{"line":499,"column":25},"end":{"line":499,"column":26}},"loc":{"start":{"line":499,"column":41},"end":{"line":524,"column":1}},"line":499},"36":{"name":"(anonymous_36)","decl":{"start":{"line":508,"column":24},"end":{"line":508,"column":25}},"loc":{"start":{"line":508,"column":30},"end":{"line":508,"column":53}},"line":508},"37":{"name":"(anonymous_37)","decl":{"start":{"line":509,"column":23},"end":{"line":509,"column":24}},"loc":{"start":{"line":509,"column":29},"end":{"line":509,"column":52}},"line":509},"38":{"name":"(anonymous_38)","decl":{"start":{"line":516,"column":11},"end":{"line":516,"column":12}},"loc":{"start":{"line":516,"column":28},"end":{"line":516,"column":69}},"line":516},"39":{"name":"(anonymous_39)","decl":{"start":{"line":517,"column":10},"end":{"line":517,"column":11}},"loc":{"start":{"line":517,"column":22},"end":{"line":522,"column":5}},"line":517},"40":{"name":"(anonymous_40)","decl":{"start":{"line":530,"column":25},"end":{"line":530,"column":26}},"loc":{"start":{"line":530,"column":31},"end":{"line":538,"column":1}},"line":530},"41":{"name":"(anonymous_41)","decl":{"start":{"line":531,"column":21},"end":{"line":531,"column":22}},"loc":{"start":{"line":531,"column":34},"end":{"line":537,"column":3}},"line":531},"42":{"name":"(anonymous_42)","decl":{"start":{"line":533,"column":21},"end":{"line":533,"column":22}},"loc":{"start":{"line":533,"column":27},"end":{"line":536,"column":5}},"line":533},"43":{"name":"(anonymous_43)","decl":{"start":{"line":535,"column":19},"end":{"line":535,"column":20}},"loc":{"start":{"line":535,"column":25},"end":{"line":535,"column":38}},"line":535}},"branchMap":{"0":{"loc":{"start":{"line":37,"column":22},"end":{"line":37,"column":35}},"type":"default-arg","locations":[{"start":{"line":37,"column":30},"end":{"line":37,"column":35}}],"line":37},"1":{"loc":{"start":{"line":39,"column":25},"end":{"line":39,"column":83}},"type":"binary-expr","locations":[{"start":{"line":39,"column":25},"end":{"line":39,"column":62}},{"start":{"line":39,"column":66},"end":{"line":39,"column":83}}],"line":39},"2":{"loc":{"start":{"line":40,"column":2},"end":{"line":42,"column":3}},"type":"if","locations":[{"start":{"line":40,"column":2},"end":{"line":42,"column":3}},{"start":{},"end":{}}],"line":40},"3":{"loc":{"start":{"line":40,"column":6},"end":{"line":40,"column":30}},"type":"binary-expr","locations":[{"start":{"line":40,"column":6},"end":{"line":40,"column":12}},{"start":{"line":40,"column":16},"end":{"line":40,"column":30}}],"line":40},"4":{"loc":{"start":{"line":63,"column":4},"end":{"line":65,"column":5}},"type":"if","locations":[{"start":{"line":63,"column":4},"end":{"line":65,"column":5}},{"start":{},"end":{}}],"line":63},"5":{"loc":{"start":{"line":77,"column":4},"end":{"line":97,"column":5}},"type":"if","locations":[{"start":{"line":77,"column":4},"end":{"line":97,"column":5}},{"start":{"line":92,"column":11},"end":{"line":97,"column":5}}],"line":77},"6":{"loc":{"start":{"line":77,"column":8},"end":{"line":77,"column":59}},"type":"binary-expr","locations":[{"start":{"line":77,"column":8},"end":{"line":77,"column":22}},{"start":{"line":77,"column":26},"end":{"line":77,"column":59}}],"line":77},"7":{"loc":{"start":{"line":79,"column":6},"end":{"line":82,"column":7}},"type":"if","locations":[{"start":{"line":79,"column":6},"end":{"line":82,"column":7}},{"start":{},"end":{}}],"line":79},"8":{"loc":{"start":{"line":85,"column":26},"end":{"line":87,"column":12}},"type":"cond-expr","locations":[{"start":{"line":86,"column":10},"end":{"line":86,"column":29}},{"start":{"line":87,"column":10},"end":{"line":87,"column":12}}],"line":85},"9":{"loc":{"start":{"line":148,"column":4},"end":{"line":151,"column":5}},"type":"if","locations":[{"start":{"line":148,"column":4},"end":{"line":151,"column":5}},{"start":{},"end":{}}],"line":148},"10":{"loc":{"start":{"line":162,"column":2},"end":{"line":190,"column":3}},"type":"if","locations":[{"start":{"line":162,"column":2},"end":{"line":190,"column":3}},{"start":{},"end":{}}],"line":162},"11":{"loc":{"start":{"line":162,"column":6},"end":{"line":162,"column":46}},"type":"binary-expr","locations":[{"start":{"line":162,"column":6},"end":{"line":162,"column":20}},{"start":{"line":162,"column":24},"end":{"line":162,"column":46}}],"line":162},"12":{"loc":{"start":{"line":184,"column":6},"end":{"line":186,"column":7}},"type":"if","locations":[{"start":{"line":184,"column":6},"end":{"line":186,"column":7}},{"start":{},"end":{}}],"line":184},"13":{"loc":{"start":{"line":227,"column":4},"end":{"line":229,"column":5}},"type":"if","locations":[{"start":{"line":227,"column":4},"end":{"line":229,"column":5}},{"start":{},"end":{}}],"line":227},"14":{"loc":{"start":{"line":231,"column":4},"end":{"line":233,"column":5}},"type":"if","locations":[{"start":{"line":231,"column":4},"end":{"line":233,"column":5}},{"start":{},"end":{}}],"line":231},"15":{"loc":{"start":{"line":273,"column":8},"end":{"line":281,"column":9}},"type":"if","locations":[{"start":{"line":273,"column":8},"end":{"line":281,"column":9}},{"start":{},"end":{}}],"line":273},"16":{"loc":{"start":{"line":273,"column":12},"end":{"line":273,"column":71}},"type":"binary-expr","locations":[{"start":{"line":273,"column":12},"end":{"line":273,"column":28}},{"start":{"line":273,"column":32},"end":{"line":273,"column":71}}],"line":273},"17":{"loc":{"start":{"line":274,"column":10},"end":{"line":278,"column":11}},"type":"if","locations":[{"start":{"line":274,"column":10},"end":{"line":278,"column":11}},{"start":{},"end":{}}],"line":274},"18":{"loc":{"start":{"line":284,"column":8},"end":{"line":312,"column":9}},"type":"if","locations":[{"start":{"line":284,"column":8},"end":{"line":312,"column":9}},{"start":{},"end":{}}],"line":284},"19":{"loc":{"start":{"line":309,"column":10},"end":{"line":311,"column":11}},"type":"if","locations":[{"start":{"line":309,"column":10},"end":{"line":311,"column":11}},{"start":{},"end":{}}],"line":309},"20":{"loc":{"start":{"line":315,"column":8},"end":{"line":318,"column":9}},"type":"if","locations":[{"start":{"line":315,"column":8},"end":{"line":318,"column":9}},{"start":{},"end":{}}],"line":315},"21":{"loc":{"start":{"line":316,"column":52},"end":{"line":316,"column":97}},"type":"binary-expr","locations":[{"start":{"line":316,"column":52},"end":{"line":316,"column":70}},{"start":{"line":316,"column":74},"end":{"line":316,"column":97}}],"line":316},"22":{"loc":{"start":{"line":321,"column":8},"end":{"line":323,"column":9}},"type":"if","locations":[{"start":{"line":321,"column":8},"end":{"line":323,"column":9}},{"start":{},"end":{}}],"line":321},"23":{"loc":{"start":{"line":361,"column":2},"end":{"line":363,"column":3}},"type":"if","locations":[{"start":{"line":361,"column":2},"end":{"line":363,"column":3}},{"start":{},"end":{}}],"line":361},"24":{"loc":{"start":{"line":369,"column":2},"end":{"line":371,"column":3}},"type":"if","locations":[{"start":{"line":369,"column":2},"end":{"line":371,"column":3}},{"start":{},"end":{}}],"line":369},"25":{"loc":{"start":{"line":380,"column":2},"end":{"line":397,"column":3}},"type":"if","locations":[{"start":{"line":380,"column":2},"end":{"line":397,"column":3}},{"start":{"line":395,"column":9},"end":{"line":397,"column":3}}],"line":380},"26":{"loc":{"start":{"line":383,"column":6},"end":{"line":393,"column":7}},"type":"if","locations":[{"start":{"line":383,"column":6},"end":{"line":393,"column":7}},{"start":{"line":391,"column":13},"end":{"line":393,"column":7}}],"line":383},"27":{"loc":{"start":{"line":409,"column":51},"end":{"line":409,"column":62}},"type":"default-arg","locations":[{"start":{"line":409,"column":58},"end":{"line":409,"column":62}}],"line":409},"28":{"loc":{"start":{"line":454,"column":4},"end":{"line":457,"column":5}},"type":"if","locations":[{"start":{"line":454,"column":4},"end":{"line":457,"column":5}},{"start":{},"end":{}}],"line":454},"29":{"loc":{"start":{"line":460,"column":4},"end":{"line":471,"column":5}},"type":"if","locations":[{"start":{"line":460,"column":4},"end":{"line":471,"column":5}},{"start":{},"end":{}}],"line":460},"30":{"loc":{"start":{"line":463,"column":10},"end":{"line":467,"column":11}},"type":"if","locations":[{"start":{"line":463,"column":10},"end":{"line":467,"column":11}},{"start":{"line":465,"column":17},"end":{"line":467,"column":11}}],"line":463},"31":{"loc":{"start":{"line":474,"column":4},"end":{"line":477,"column":5}},"type":"if","locations":[{"start":{"line":474,"column":4},"end":{"line":477,"column":5}},{"start":{},"end":{}}],"line":474},"32":{"loc":{"start":{"line":480,"column":4},"end":{"line":482,"column":5}},"type":"if","locations":[{"start":{"line":480,"column":4},"end":{"line":482,"column":5}},{"start":{},"end":{}}],"line":480},"33":{"loc":{"start":{"line":516,"column":12},"end":{"line":516,"column":23}},"type":"default-arg","locations":[{"start":{"line":516,"column":19},"end":{"line":516,"column":23}}],"line":516}},"s":{"0":1,"1":1,"2":1,"3":1,"4":1,"5":1,"6":1,"7":9,"8":1,"9":28,"10":28,"11":28,"12":1,"13":6,"14":6,"15":5,"16":5,"17":5,"18":5,"19":5,"20":0,"21":1,"22":1,"23":0,"24":1,"25":5,"26":5,"27":0,"28":0,"29":0,"30":0,"31":0,"32":0,"33":0,"34":5,"35":5,"36":5,"37":0,"38":0,"39":1,"40":0,"41":0,"42":0,"43":0,"44":1,"45":5,"46":0,"47":0,"48":0,"49":0,"50":0,"51":0,"52":1,"53":5,"54":0,"55":0,"56":0,"57":0,"58":1,"59":5,"60":0,"61":0,"62":0,"63":0,"64":0,"65":0,"66":0,"67":0,"68":0,"69":0,"70":0,"71":0,"72":1,"73":5,"74":0,"75":0,"76":0,"77":0,"78":1,"79":5,"80":0,"81":5,"82":0,"83":0,"84":5,"85":0,"86":0,"87":0,"88":0,"89":0,"90":0,"91":1,"92":5,"93":5,"94":5,"95":5,"96":5,"97":5,"98":1,"99":5,"100":5,"101":5,"102":5,"103":0,"104":0,"105":0,"106":0,"107":0,"108":0,"109":0,"110":0,"111":0,"112":0,"113":0,"114":0,"115":0,"116":0,"117":0,"118":0,"119":0,"120":0,"121":0,"122":0,"123":0,"124":0,"125":0,"126":0,"127":0,"128":0,"129":0,"130":0,"131":0,"132":0,"133":0,"134":0,"135":0,"136":0,"137":0,"138":0,"139":5,"140":0,"141":1,"142":1,"143":0,"144":1,"145":1,"146":1,"147":0,"148":1,"149":0,"150":0,"151":1,"152":1,"153":1,"154":1,"155":0,"156":0,"157":0,"158":0,"159":0,"160":1,"161":0,"162":1,"163":6,"164":6,"165":5,"166":5,"167":5,"168":5,"169":5,"170":5,"171":4,"172":4,"173":4,"174":4,"175":0,"176":0,"177":1,"178":1,"179":1,"180":1,"181":1,"182":9,"183":9,"184":0,"185":0,"186":9,"187":4,"188":4,"189":4,"190":0,"191":4,"192":4,"193":9,"194":1,"195":1,"196":9,"197":0,"198":9,"199":9,"200":9,"201":0,"202":0,"203":1,"204":9,"205":9,"206":9,"207":9,"208":9,"209":0,"210":9,"211":1,"212":9,"213":9,"214":9,"215":6,"216":9,"217":9,"218":9,"219":1,"220":1,"221":1,"222":1,"223":1,"224":1,"225":1,"226":1},"f":{"0":9,"1":28,"2":6,"3":5,"4":0,"5":5,"6":0,"7":0,"8":5,"9":0,"10":5,"11":0,"12":5,"13":0,"14":5,"15":0,"16":0,"17":0,"18":5,"19":5,"20":0,"21":0,"22":0,"23":1,"24":0,"25":1,"26":0,"27":0,"28":6,"29":5,"30":4,"31":0,"32":9,"33":4,"34":4,"35":9,"36":0,"37":1,"38":6,"39":9,"40":1,"41":1,"42":1,"43":1},"b":{"0":[18],"1":[28,0],"2":[28,0],"3":[28,10],"4":[1,0],"5":[0,5],"6":[5,0],"7":[0,0],"8":[0,0],"9":[0,0],"10":[0,5],"11":[5,0],"12":[0,0],"13":[0,0],"14":[0,0],"15":[0,0],"16":[0,0],"17":[0,0],"18":[0,0],"19":[0,0],"20":[0,0],"21":[0,0],"22":[0,0],"23":[0,1],"24":[0,1],"25":[1,0],"26":[0,1],"27":[0],"28":[0,9],"29":[4,5],"30":[0,4],"31":[1,8],"32":[0,9],"33":[5]},"_coverageSchema":"1a1c01bbd47fc00a2c39e90264f33305004495a9","hash":"345eb5b44ed6ea7983f022f6971dc656c540b6c6"}
}
