TN:
SF:src/lib/server-utils.js
FN:13,(anonymous_0)
FN:27,(anonymous_1)
FN:37,(anonymous_2)
FN:45,(anonymous_3)
FN:54,(anonymous_4)
FN:72,(anonymous_5)
FN:74,(anonymous_6)
FN:86,(anonymous_7)
FN:95,(anonymous_8)
FN:139,(anonymous_9)
FN:178,(anonymous_10)
FN:186,(anonymous_11)
FN:210,(anonymous_12)
FN:217,(anonymous_13)
FN:246,(anonymous_14)
FN:265,(anonymous_15)
FN:280,(anonymous_16)
FNF:17
FNH:16
FNDA:3,(anonymous_0)
FNDA:4,(anonymous_1)
FNDA:2,(anonymous_2)
FNDA:1,(anonymous_3)
FNDA:0,(anonymous_4)
FNDA:4,(anonymous_5)
FNDA:7,(anonymous_6)
FNDA:9,(anonymous_7)
FNDA:14,(anonymous_8)
FNDA:28,(anonymous_9)
FNDA:17,(anonymous_10)
FNDA:3,(anonymous_11)
FNDA:16,(anonymous_12)
FNDA:3,(anonymous_13)
FNDA:11,(anonymous_14)
FNDA:23,(anonymous_15)
FNDA:8,(anonymous_16)
DA:5,2
DA:6,2
DA:13,2
DA:15,3
DA:16,3
DA:18,3
DA:27,2
DA:28,4
DA:37,2
DA:38,2
DA:45,2
DA:46,1
DA:54,2
DA:56,0
DA:57,0
DA:61,0
DA:72,2
DA:73,4
DA:74,7
DA:76,4
DA:77,2
DA:86,2
DA:88,9
DA:94,9
DA:95,14
DA:97,9
DA:98,1
DA:102,8
DA:103,1
DA:106,7
DA:107,1
DA:110,6
DA:111,1
DA:114,5
DA:115,1
DA:118,4
DA:119,1
DA:122,3
DA:126,1
DA:139,2
DA:140,28
DA:141,1
DA:145,27
DA:146,9
DA:150,20
DA:151,25
DA:152,1
DA:155,24
DA:156,2
DA:159,23
DA:160,2
DA:161,1
DA:165,22
DA:166,1
DA:178,2
DA:179,17
DA:181,17
DA:182,10
DA:186,17
DA:187,3
DA:188,3
DA:189,3
DA:192,17
DA:193,17
DA:195,17
DA:196,17
DA:198,1
DA:199,1
DA:210,2
DA:211,16
DA:212,16
DA:213,8
DA:216,8
DA:217,3
DA:220,7
DA:221,3
DA:222,3
DA:223,6
DA:224,6
DA:226,1
DA:227,1
DA:230,2
DA:233,4
DA:235,2
DA:236,2
DA:246,2
DA:247,11
DA:249,9
DA:250,12
DA:251,12
DA:252,3
DA:256,6
DA:265,2
DA:266,23
DA:268,20
DA:270,20
DA:272,3
DA:273,1
DA:275,2
DA:279,17
DA:280,8
DA:281,4
DA:282,3
DA:284,1
DA:288,13
DA:289,5
DA:293,11
DA:296,2
LF:108
LH:105
BRDA:13,0,0,0
BRDA:15,1,0,3
BRDA:15,1,1,0
BRDA:16,2,0,3
BRDA:16,2,1,0
BRDA:16,3,0,3
BRDA:16,3,1,3
BRDA:56,4,0,0
BRDA:56,4,1,0
BRDA:56,5,0,0
BRDA:56,5,1,0
BRDA:76,6,0,2
BRDA:76,6,1,2
BRDA:97,7,0,1
BRDA:97,7,1,8
BRDA:102,8,0,1
BRDA:102,8,1,7
BRDA:102,9,0,8
BRDA:102,9,1,3
BRDA:102,9,2,2
BRDA:106,10,0,1
BRDA:106,10,1,6
BRDA:106,11,0,7
BRDA:106,11,1,3
BRDA:106,11,2,2
BRDA:110,12,0,1
BRDA:110,12,1,5
BRDA:110,13,0,6
BRDA:110,13,1,1
BRDA:110,13,2,1
BRDA:114,14,0,1
BRDA:114,14,1,4
BRDA:114,15,0,5
BRDA:114,15,1,1
BRDA:118,16,0,1
BRDA:118,16,1,3
BRDA:118,17,0,4
BRDA:118,17,1,2
BRDA:122,18,0,1
BRDA:122,18,1,2
BRDA:122,19,0,3
BRDA:122,19,1,1
BRDA:122,19,2,1
BRDA:122,19,3,1
BRDA:140,20,0,1
BRDA:140,20,1,27
BRDA:140,21,0,28
BRDA:140,21,1,28
BRDA:145,22,0,9
BRDA:145,22,1,18
BRDA:145,23,0,27
BRDA:145,23,1,10
BRDA:145,23,2,9
BRDA:151,24,0,1
BRDA:151,24,1,24
BRDA:151,25,0,25
BRDA:151,25,1,24
BRDA:155,26,0,2
BRDA:155,26,1,22
BRDA:159,27,0,2
BRDA:159,27,1,21
BRDA:160,28,0,1
BRDA:160,28,1,1
BRDA:160,29,0,2
BRDA:160,29,1,2
BRDA:160,29,2,1
BRDA:165,30,0,1
BRDA:165,30,1,21
BRDA:165,31,0,22
BRDA:165,31,1,2
BRDA:165,31,2,2
BRDA:178,32,0,0
BRDA:181,33,0,10
BRDA:181,33,1,7
BRDA:188,34,0,3
BRDA:188,34,1,0
BRDA:212,35,0,8
BRDA:212,35,1,8
BRDA:216,36,0,1
BRDA:216,36,1,7
BRDA:220,37,0,3
BRDA:220,37,1,4
BRDA:220,38,0,7
BRDA:220,38,1,4
BRDA:247,39,0,2
BRDA:247,39,1,9
BRDA:251,40,0,3
BRDA:251,40,1,9
BRDA:266,41,0,3
BRDA:266,41,1,20
BRDA:270,42,0,3
BRDA:270,42,1,17
BRDA:270,43,0,20
BRDA:270,43,1,9
BRDA:270,43,2,9
BRDA:270,43,3,4
BRDA:270,43,4,3
BRDA:272,44,0,1
BRDA:272,44,1,2
BRDA:279,45,0,4
BRDA:279,45,1,13
BRDA:279,46,0,17
BRDA:279,46,1,5
BRDA:281,47,0,3
BRDA:281,47,1,1
BRDA:288,48,0,5
BRDA:288,48,1,8
BRF:107
BRH:98
end_of_record
TN:
SF:src/lib/server.js
FN:24,(anonymous_0)
FN:37,(anonymous_1)
FN:51,(anonymous_2)
FN:75,(anonymous_3)
FN:111,(anonymous_4)
FN:124,(anonymous_5)
FN:125,(anonymous_6)
FN:133,(anonymous_7)
FN:146,(anonymous_8)
FN:147,(anonymous_9)
FN:161,(anonymous_10)
FN:163,(anonymous_11)
FN:197,(anonymous_12)
FN:198,(anonymous_13)
FN:210,(anonymous_14)
FN:212,(anonymous_15)
FN:217,(anonymous_16)
FN:223,(anonymous_17)
FN:246,(anonymous_18)
FN:260,(anonymous_19)
FN:267,(anonymous_20)
FN:322,(anonymous_21)
FN:351,(anonymous_22)
FN:360,(anonymous_23)
FN:374,(anonymous_24)
FN:381,(anonymous_25)
FN:384,(anonymous_26)
FN:387,(anonymous_27)
FN:409,(anonymous_28)
FN:422,(anonymous_29)
FN:425,(anonymous_30)
FN:431,(anonymous_31)
FN:451,(anonymous_32)
FN:461,(anonymous_33)
FN:462,(anonymous_34)
FN:499,(anonymous_35)
FN:508,(anonymous_36)
FN:509,(anonymous_37)
FN:516,(anonymous_38)
FN:517,(anonymous_39)
FN:530,(anonymous_40)
FN:531,(anonymous_41)
FN:533,(anonymous_42)
FN:535,(anonymous_43)
FNF:44
FNH:28
FNDA:16,(anonymous_0)
FNDA:58,(anonymous_1)
FNDA:11,(anonymous_2)
FNDA:9,(anonymous_3)
FNDA:0,(anonymous_4)
FNDA:9,(anonymous_5)
FNDA:0,(anonymous_6)
FNDA:0,(anonymous_7)
FNDA:9,(anonymous_8)
FNDA:0,(anonymous_9)
FNDA:9,(anonymous_10)
FNDA:0,(anonymous_11)
FNDA:9,(anonymous_12)
FNDA:0,(anonymous_13)
FNDA:9,(anonymous_14)
FNDA:0,(anonymous_15)
FNDA:0,(anonymous_16)
FNDA:0,(anonymous_17)
FNDA:9,(anonymous_18)
FNDA:9,(anonymous_19)
FNDA:0,(anonymous_20)
FNDA:0,(anonymous_21)
FNDA:0,(anonymous_22)
FNDA:5,(anonymous_23)
FNDA:0,(anonymous_24)
FNDA:3,(anonymous_25)
FNDA:0,(anonymous_26)
FNDA:0,(anonymous_27)
FNDA:11,(anonymous_28)
FNDA:9,(anonymous_29)
FNDA:8,(anonymous_30)
FNDA:0,(anonymous_31)
FNDA:16,(anonymous_32)
FNDA:8,(anonymous_33)
FNDA:8,(anonymous_34)
FNDA:16,(anonymous_35)
FNDA:1,(anonymous_36)
FNDA:4,(anonymous_37)
FNDA:11,(anonymous_38)
FNDA:16,(anonymous_39)
FNDA:1,(anonymous_40)
FNDA:1,(anonymous_41)
FNDA:1,(anonymous_42)
FNDA:1,(anonymous_43)
DA:5,1
DA:6,1
DA:7,1
DA:8,1
DA:15,1
DA:18,1
DA:24,16
DA:37,1
DA:39,58
DA:40,58
DA:41,58
DA:51,1
DA:52,11
DA:53,11
DA:54,10
DA:55,10
DA:56,9
DA:57,9
DA:58,9
DA:60,1
DA:63,2
DA:64,1
DA:66,1
DA:75,1
DA:76,9
DA:77,9
DA:79,0
DA:80,0
DA:81,0
DA:85,0
DA:89,0
DA:90,0
DA:91,0
DA:94,9
DA:95,9
DA:96,9
DA:99,0
DA:100,0
DA:111,1
DA:112,0
DA:113,0
DA:115,0
DA:116,0
DA:124,1
DA:125,9
DA:127,0
DA:130,0
DA:133,0
DA:135,0
DA:137,0
DA:146,1
DA:147,9
DA:148,0
DA:149,0
DA:150,0
DA:152,0
DA:161,1
DA:162,9
DA:163,0
DA:164,0
DA:166,0
DA:167,0
DA:168,0
DA:173,0
DA:175,0
DA:177,0
DA:178,0
DA:184,0
DA:185,0
DA:188,0
DA:197,1
DA:198,9
DA:199,0
DA:200,0
DA:201,0
DA:202,0
DA:210,1
DA:212,9
DA:213,0
DA:217,9
DA:218,0
DA:219,0
DA:223,9
DA:224,0
DA:227,0
DA:228,0
DA:231,0
DA:232,0
DA:236,0
DA:246,1
DA:247,9
DA:248,9
DA:249,9
DA:250,9
DA:251,9
DA:252,9
DA:260,1
DA:262,9
DA:264,9
DA:265,14
DA:267,14
DA:268,0
DA:269,0
DA:270,0
DA:273,0
DA:274,0
DA:275,0
DA:276,0
DA:277,0
DA:279,0
DA:280,0
DA:284,0
DA:285,0
DA:287,0
DA:288,0
DA:290,0
DA:298,0
DA:300,0
DA:302,0
DA:303,0
DA:309,0
DA:310,0
DA:315,0
DA:316,0
DA:317,0
DA:321,0
DA:322,0
DA:326,0
DA:334,0
DA:336,0
DA:337,0
DA:338,0
DA:340,0
DA:341,0
DA:344,0
DA:345,0
DA:351,9
DA:352,0
DA:360,1
DA:361,5
DA:362,2
DA:365,3
DA:366,3
DA:369,3
DA:370,0
DA:374,3
DA:375,0
DA:376,0
DA:380,3
DA:381,3
DA:382,3
DA:383,3
DA:384,0
DA:385,0
DA:386,0
DA:388,0
DA:389,0
DA:392,3
DA:396,0
DA:409,1
DA:410,11
DA:412,11
DA:413,9
DA:416,9
DA:419,9
DA:422,9
DA:424,9
DA:425,9
DA:426,8
DA:427,8
DA:428,8
DA:431,8
DA:432,0
DA:433,0
DA:436,1
DA:437,1
DA:441,2
DA:442,2
DA:451,1
DA:452,16
DA:454,16
DA:455,0
DA:456,0
DA:460,16
DA:461,8
DA:462,8
DA:463,8
DA:464,0
DA:466,8
DA:470,8
DA:474,16
DA:475,3
DA:476,3
DA:480,16
DA:481,0
DA:485,16
DA:486,16
DA:487,16
DA:489,0
DA:490,0
DA:499,1
DA:500,16
DA:501,16
DA:504,16
DA:505,16
DA:508,16
DA:509,16
DA:512,16
DA:513,16
DA:515,16
DA:516,11
DA:518,16
DA:520,16
DA:521,16
DA:530,1
DA:531,1
DA:532,1
DA:533,1
DA:534,1
DA:535,1
DA:540,1
LF:221
LH:121
BRDA:37,0,0,35
BRDA:39,1,0,58
BRDA:39,1,1,0
BRDA:40,2,0,58
BRDA:40,2,1,0
BRDA:40,3,0,58
BRDA:40,3,1,23
BRDA:63,4,0,1
BRDA:63,4,1,1
BRDA:77,5,0,0
BRDA:77,5,1,9
BRDA:77,6,0,9
BRDA:77,6,1,0
BRDA:79,7,0,0
BRDA:79,7,1,0
BRDA:85,8,0,0
BRDA:85,8,1,0
BRDA:148,9,0,0
BRDA:148,9,1,0
BRDA:162,10,0,0
BRDA:162,10,1,9
BRDA:162,11,0,9
BRDA:162,11,1,0
BRDA:184,12,0,0
BRDA:184,12,1,0
BRDA:227,13,0,0
BRDA:227,13,1,0
BRDA:231,14,0,0
BRDA:231,14,1,0
BRDA:273,15,0,0
BRDA:273,15,1,0
BRDA:273,16,0,0
BRDA:273,16,1,0
BRDA:274,17,0,0
BRDA:274,17,1,0
BRDA:284,18,0,0
BRDA:284,18,1,0
BRDA:309,19,0,0
BRDA:309,19,1,0
BRDA:315,20,0,0
BRDA:315,20,1,0
BRDA:316,21,0,0
BRDA:316,21,1,0
BRDA:321,22,0,0
BRDA:321,22,1,0
BRDA:361,23,0,2
BRDA:361,23,1,3
BRDA:369,24,0,0
BRDA:369,24,1,3
BRDA:380,25,0,3
BRDA:380,25,1,0
BRDA:383,26,0,0
BRDA:383,26,1,3
BRDA:409,27,0,0
BRDA:454,28,0,0
BRDA:454,28,1,16
BRDA:460,29,0,8
BRDA:460,29,1,8
BRDA:463,30,0,0
BRDA:463,30,1,8
BRDA:474,31,0,3
BRDA:474,31,1,13
BRDA:480,32,0,0
BRDA:480,32,1,16
BRDA:516,33,0,10
BRF:65
BRH:24
end_of_record
