TN:
SF:src/lib/server-utils.js
FN:13,(anonymous_0)
FN:27,(anonymous_1)
FN:37,(anonymous_2)
FN:45,(anonymous_3)
FN:54,(anonymous_4)
FN:72,(anonymous_5)
FN:74,(anonymous_6)
FN:86,(anonymous_7)
FN:95,(anonymous_8)
FN:139,(anonymous_9)
FN:178,(anonymous_10)
FN:186,(anonymous_11)
FN:210,(anonymous_12)
FN:217,(anonymous_13)
FN:246,(anonymous_14)
FN:265,(anonymous_15)
FN:280,(anonymous_16)
FNF:17
FNH:13
FNDA:0,(anonymous_0)
FNDA:2,(anonymous_1)
FNDA:2,(anonymous_2)
FNDA:1,(anonymous_3)
FNDA:0,(anonymous_4)
FNDA:2,(anonymous_5)
FNDA:2,(anonymous_6)
FNDA:2,(anonymous_7)
FNDA:5,(anonymous_8)
FNDA:16,(anonymous_9)
FNDA:8,(anonymous_10)
FNDA:1,(anonymous_11)
FNDA:0,(anonymous_12)
FNDA:0,(anonymous_13)
FNDA:7,(anonymous_14)
FNDA:11,(anonymous_15)
FNDA:2,(anonymous_16)
DA:5,2
DA:6,2
DA:13,2
DA:15,0
DA:16,0
DA:18,0
DA:27,2
DA:28,2
DA:37,2
DA:38,2
DA:45,2
DA:46,1
DA:54,2
DA:56,0
DA:57,0
DA:61,0
DA:72,2
DA:73,2
DA:74,2
DA:76,2
DA:77,1
DA:86,2
DA:88,2
DA:94,2
DA:95,5
DA:97,2
DA:98,1
DA:102,1
DA:103,0
DA:106,1
DA:107,0
DA:110,1
DA:111,0
DA:114,1
DA:115,0
DA:118,1
DA:119,0
DA:122,1
DA:126,0
DA:139,2
DA:140,16
DA:141,1
DA:145,15
DA:146,2
DA:150,14
DA:151,14
DA:152,1
DA:155,13
DA:156,2
DA:159,12
DA:160,2
DA:161,1
DA:165,11
DA:166,1
DA:178,2
DA:179,8
DA:181,8
DA:182,7
DA:186,8
DA:187,1
DA:188,1
DA:189,1
DA:192,8
DA:193,8
DA:195,8
DA:196,8
DA:198,0
DA:199,0
DA:210,2
DA:211,0
DA:212,0
DA:213,0
DA:216,0
DA:217,0
DA:220,0
DA:221,0
DA:222,0
DA:223,0
DA:224,0
DA:226,0
DA:227,0
DA:230,0
DA:233,0
DA:235,0
DA:236,0
DA:246,2
DA:247,7
DA:249,7
DA:250,9
DA:251,9
DA:252,1
DA:256,6
DA:265,2
DA:266,11
DA:268,11
DA:270,11
DA:272,2
DA:273,0
DA:275,2
DA:279,9
DA:280,2
DA:281,1
DA:282,0
DA:284,1
DA:288,8
DA:289,1
DA:293,10
DA:296,2
LF:108
LH:76
BRDA:13,0,0,0
BRDA:15,1,0,0
BRDA:15,1,1,0
BRDA:16,2,0,0
BRDA:16,2,1,0
BRDA:16,3,0,0
BRDA:16,3,1,0
BRDA:56,4,0,0
BRDA:56,4,1,0
BRDA:56,5,0,0
BRDA:56,5,1,0
BRDA:76,6,0,1
BRDA:76,6,1,1
BRDA:97,7,0,1
BRDA:97,7,1,1
BRDA:102,8,0,0
BRDA:102,8,1,1
BRDA:102,9,0,1
BRDA:102,9,1,1
BRDA:102,9,2,0
BRDA:106,10,0,0
BRDA:106,10,1,1
BRDA:106,11,0,1
BRDA:106,11,1,1
BRDA:106,11,2,0
BRDA:110,12,0,0
BRDA:110,12,1,1
BRDA:110,13,0,1
BRDA:110,13,1,0
BRDA:110,13,2,0
BRDA:114,14,0,0
BRDA:114,14,1,1
BRDA:114,15,0,1
BRDA:114,15,1,0
BRDA:118,16,0,0
BRDA:118,16,1,1
BRDA:118,17,0,1
BRDA:118,17,1,1
BRDA:122,18,0,0
BRDA:122,18,1,1
BRDA:122,19,0,1
BRDA:122,19,1,0
BRDA:122,19,2,0
BRDA:122,19,3,0
BRDA:140,20,0,1
BRDA:140,20,1,15
BRDA:140,21,0,16
BRDA:140,21,1,16
BRDA:145,22,0,2
BRDA:145,22,1,13
BRDA:145,23,0,15
BRDA:145,23,1,3
BRDA:145,23,2,2
BRDA:151,24,0,1
BRDA:151,24,1,13
BRDA:151,25,0,14
BRDA:151,25,1,13
BRDA:155,26,0,2
BRDA:155,26,1,11
BRDA:159,27,0,2
BRDA:159,27,1,10
BRDA:160,28,0,1
BRDA:160,28,1,1
BRDA:160,29,0,2
BRDA:160,29,1,2
BRDA:160,29,2,1
BRDA:165,30,0,1
BRDA:165,30,1,10
BRDA:165,31,0,11
BRDA:165,31,1,2
BRDA:165,31,2,2
BRDA:178,32,0,0
BRDA:181,33,0,7
BRDA:181,33,1,1
BRDA:188,34,0,1
BRDA:188,34,1,0
BRDA:212,35,0,0
BRDA:212,35,1,0
BRDA:216,36,0,0
BRDA:216,36,1,0
BRDA:220,37,0,0
BRDA:220,37,1,0
BRDA:220,38,0,0
BRDA:220,38,1,0
BRDA:247,39,0,0
BRDA:247,39,1,7
BRDA:251,40,0,1
BRDA:251,40,1,8
BRDA:266,41,0,0
BRDA:266,41,1,11
BRDA:270,42,0,2
BRDA:270,42,1,9
BRDA:270,43,0,11
BRDA:270,43,1,3
BRDA:270,43,2,3
BRDA:270,43,3,2
BRDA:270,43,4,2
BRDA:272,44,0,0
BRDA:272,44,1,2
BRDA:279,45,0,1
BRDA:279,45,1,8
BRDA:279,46,0,9
BRDA:279,46,1,1
BRDA:281,47,0,0
BRDA:281,47,1,1
BRDA:288,48,0,1
BRDA:288,48,1,7
BRF:107
BRH:68
end_of_record
TN:
SF:src/lib/server.js
FN:24,(anonymous_0)
FN:37,(anonymous_1)
FN:51,(anonymous_2)
FN:75,(anonymous_3)
FN:111,(anonymous_4)
FN:124,(anonymous_5)
FN:125,(anonymous_6)
FN:133,(anonymous_7)
FN:146,(anonymous_8)
FN:147,(anonymous_9)
FN:161,(anonymous_10)
FN:163,(anonymous_11)
FN:197,(anonymous_12)
FN:198,(anonymous_13)
FN:210,(anonymous_14)
FN:212,(anonymous_15)
FN:217,(anonymous_16)
FN:223,(anonymous_17)
FN:246,(anonymous_18)
FN:260,(anonymous_19)
FN:267,(anonymous_20)
FN:322,(anonymous_21)
FN:351,(anonymous_22)
FN:360,(anonymous_23)
FN:374,(anonymous_24)
FN:381,(anonymous_25)
FN:384,(anonymous_26)
FN:387,(anonymous_27)
FN:409,(anonymous_28)
FN:422,(anonymous_29)
FN:425,(anonymous_30)
FN:431,(anonymous_31)
FN:451,(anonymous_32)
FN:461,(anonymous_33)
FN:462,(anonymous_34)
FN:499,(anonymous_35)
FN:508,(anonymous_36)
FN:509,(anonymous_37)
FN:516,(anonymous_38)
FN:517,(anonymous_39)
FN:530,(anonymous_40)
FN:531,(anonymous_41)
FN:533,(anonymous_42)
FN:535,(anonymous_43)
FNF:44
FNH:27
FNDA:9,(anonymous_0)
FNDA:28,(anonymous_1)
FNDA:6,(anonymous_2)
FNDA:5,(anonymous_3)
FNDA:0,(anonymous_4)
FNDA:5,(anonymous_5)
FNDA:0,(anonymous_6)
FNDA:0,(anonymous_7)
FNDA:5,(anonymous_8)
FNDA:0,(anonymous_9)
FNDA:5,(anonymous_10)
FNDA:0,(anonymous_11)
FNDA:5,(anonymous_12)
FNDA:0,(anonymous_13)
FNDA:5,(anonymous_14)
FNDA:0,(anonymous_15)
FNDA:0,(anonymous_16)
FNDA:0,(anonymous_17)
FNDA:5,(anonymous_18)
FNDA:5,(anonymous_19)
FNDA:0,(anonymous_20)
FNDA:0,(anonymous_21)
FNDA:0,(anonymous_22)
FNDA:1,(anonymous_23)
FNDA:0,(anonymous_24)
FNDA:1,(anonymous_25)
FNDA:0,(anonymous_26)
FNDA:0,(anonymous_27)
FNDA:6,(anonymous_28)
FNDA:5,(anonymous_29)
FNDA:4,(anonymous_30)
FNDA:0,(anonymous_31)
FNDA:9,(anonymous_32)
FNDA:4,(anonymous_33)
FNDA:4,(anonymous_34)
FNDA:9,(anonymous_35)
FNDA:0,(anonymous_36)
FNDA:1,(anonymous_37)
FNDA:6,(anonymous_38)
FNDA:9,(anonymous_39)
FNDA:1,(anonymous_40)
FNDA:1,(anonymous_41)
FNDA:1,(anonymous_42)
FNDA:1,(anonymous_43)
DA:5,1
DA:6,1
DA:7,1
DA:8,1
DA:15,1
DA:18,1
DA:24,9
DA:37,1
DA:39,28
DA:40,28
DA:41,28
DA:51,1
DA:52,6
DA:53,6
DA:54,5
DA:55,5
DA:56,5
DA:57,5
DA:58,5
DA:60,0
DA:63,1
DA:64,1
DA:66,0
DA:75,1
DA:76,5
DA:77,5
DA:79,0
DA:80,0
DA:81,0
DA:85,0
DA:89,0
DA:90,0
DA:91,0
DA:94,5
DA:95,5
DA:96,5
DA:99,0
DA:100,0
DA:111,1
DA:112,0
DA:113,0
DA:115,0
DA:116,0
DA:124,1
DA:125,5
DA:127,0
DA:130,0
DA:133,0
DA:135,0
DA:137,0
DA:146,1
DA:147,5
DA:148,0
DA:149,0
DA:150,0
DA:152,0
DA:161,1
DA:162,5
DA:163,0
DA:164,0
DA:166,0
DA:167,0
DA:168,0
DA:173,0
DA:175,0
DA:177,0
DA:178,0
DA:184,0
DA:185,0
DA:188,0
DA:197,1
DA:198,5
DA:199,0
DA:200,0
DA:201,0
DA:202,0
DA:210,1
DA:212,5
DA:213,0
DA:217,5
DA:218,0
DA:219,0
DA:223,5
DA:224,0
DA:227,0
DA:228,0
DA:231,0
DA:232,0
DA:236,0
DA:246,1
DA:247,5
DA:248,5
DA:249,5
DA:250,5
DA:251,5
DA:252,5
DA:260,1
DA:262,5
DA:264,5
DA:265,5
DA:267,5
DA:268,0
DA:269,0
DA:270,0
DA:273,0
DA:274,0
DA:275,0
DA:276,0
DA:277,0
DA:279,0
DA:280,0
DA:284,0
DA:285,0
DA:287,0
DA:288,0
DA:290,0
DA:298,0
DA:300,0
DA:302,0
DA:303,0
DA:309,0
DA:310,0
DA:315,0
DA:316,0
DA:317,0
DA:321,0
DA:322,0
DA:326,0
DA:334,0
DA:336,0
DA:337,0
DA:338,0
DA:340,0
DA:341,0
DA:344,0
DA:345,0
DA:351,5
DA:352,0
DA:360,1
DA:361,1
DA:362,0
DA:365,1
DA:366,1
DA:369,1
DA:370,0
DA:374,1
DA:375,0
DA:376,0
DA:380,1
DA:381,1
DA:382,1
DA:383,1
DA:384,0
DA:385,0
DA:386,0
DA:388,0
DA:389,0
DA:392,1
DA:396,0
DA:409,1
DA:410,6
DA:412,6
DA:413,5
DA:416,5
DA:419,5
DA:422,5
DA:424,5
DA:425,5
DA:426,4
DA:427,4
DA:428,4
DA:431,4
DA:432,0
DA:433,0
DA:436,1
DA:437,1
DA:441,1
DA:442,1
DA:451,1
DA:452,9
DA:454,9
DA:455,0
DA:456,0
DA:460,9
DA:461,4
DA:462,4
DA:463,4
DA:464,0
DA:466,4
DA:470,4
DA:474,9
DA:475,1
DA:476,1
DA:480,9
DA:481,0
DA:485,9
DA:486,9
DA:487,9
DA:489,0
DA:490,0
DA:499,1
DA:500,9
DA:501,9
DA:504,9
DA:505,9
DA:508,9
DA:509,9
DA:512,9
DA:513,9
DA:515,9
DA:516,6
DA:518,9
DA:520,9
DA:521,9
DA:530,1
DA:531,1
DA:532,1
DA:533,1
DA:534,1
DA:535,1
DA:540,1
LF:221
LH:118
BRDA:37,0,0,18
BRDA:39,1,0,28
BRDA:39,1,1,0
BRDA:40,2,0,28
BRDA:40,2,1,0
BRDA:40,3,0,28
BRDA:40,3,1,10
BRDA:63,4,0,1
BRDA:63,4,1,0
BRDA:77,5,0,0
BRDA:77,5,1,5
BRDA:77,6,0,5
BRDA:77,6,1,0
BRDA:79,7,0,0
BRDA:79,7,1,0
BRDA:85,8,0,0
BRDA:85,8,1,0
BRDA:148,9,0,0
BRDA:148,9,1,0
BRDA:162,10,0,0
BRDA:162,10,1,5
BRDA:162,11,0,5
BRDA:162,11,1,0
BRDA:184,12,0,0
BRDA:184,12,1,0
BRDA:227,13,0,0
BRDA:227,13,1,0
BRDA:231,14,0,0
BRDA:231,14,1,0
BRDA:273,15,0,0
BRDA:273,15,1,0
BRDA:273,16,0,0
BRDA:273,16,1,0
BRDA:274,17,0,0
BRDA:274,17,1,0
BRDA:284,18,0,0
BRDA:284,18,1,0
BRDA:309,19,0,0
BRDA:309,19,1,0
BRDA:315,20,0,0
BRDA:315,20,1,0
BRDA:316,21,0,0
BRDA:316,21,1,0
BRDA:321,22,0,0
BRDA:321,22,1,0
BRDA:361,23,0,0
BRDA:361,23,1,1
BRDA:369,24,0,0
BRDA:369,24,1,1
BRDA:380,25,0,1
BRDA:380,25,1,0
BRDA:383,26,0,0
BRDA:383,26,1,1
BRDA:409,27,0,0
BRDA:454,28,0,0
BRDA:454,28,1,9
BRDA:460,29,0,4
BRDA:460,29,1,5
BRDA:463,30,0,0
BRDA:463,30,1,4
BRDA:474,31,0,1
BRDA:474,31,1,8
BRDA:480,32,0,0
BRDA:480,32,1,9
BRDA:516,33,0,5
BRF:65
BRH:22
end_of_record
